2018-05-14 19:37:42 INFO  Main:66 - Executing: Internal Jira issues and corresponding patch Information
2018-05-14 19:38:03 INFO  Main:61 - Executing: Customer's Jira issues and corresponding patch Information
2018-05-14 19:38:26 INFO  Main:66 - Executing: Internal Jira issues and corresponding patch Information
2018-05-14 19:38:34 INFO  Main:61 - Executing: Customer Jira issues and corresponding patch Information
2018-05-14 20:14:40 INFO  Main:67 - Executing: Internal Jira issues and corresponding patch Information
2018-05-14 20:15:23 INFO  Main:61 - Executing: Customer Jira issues and corresponding patch Information
2018-05-15 09:28:46 INFO  Main:73 - Executing: Internal Jira issues and corresponding patch Information.
2018-05-15 09:28:52 INFO  AccessPMT:43 - Getting Jira issues recorded in both the PmtDb and Jira
2018-05-15 09:28:52 INFO  AccessPMT:67 - Jira issues recorded in both the PmtDb and Jira extracted successfully
2018-05-15 09:28:52 INFO  AccessPMT:77 - Getting Patch information associated with the Jira issues
2018-05-15 09:28:53 INFO  AccessPMT:99 - Patch information associated with the Jira issues extracted successfully.
2018-05-15 09:29:03 INFO  Main:68 - Executing: Customer Jira issues and corresponding patch Information.
2018-05-15 09:29:08 INFO  AccessPMT:43 - Getting Jira issues recorded in both the PmtDb and Jira
2018-05-15 09:29:08 INFO  AccessPMT:67 - Jira issues recorded in both the PmtDb and Jira extracted successfully
2018-05-15 09:29:08 INFO  AccessPMT:77 - Getting Patch information associated with the Jira issues
2018-05-15 09:29:09 INFO  AccessPMT:99 - Patch information associated with the Jira issues extracted successfully.
2018-05-16 10:25:44 INFO  Main:77 - Executing - Sending of mail containing Internal Jira issues and corresponding patch Information.
2018-05-16 10:25:53 INFO  AccessPMT:98 - Patch information associated with the Jira issues extracted successfully.
2018-05-16 10:26:01 INFO  Main:72 - Executing - Sending of mail containing Customer Jira issues and corresponding patch Information.
2018-05-16 10:26:07 INFO  AccessPMT:98 - Patch information associated with the Jira issues extracted successfully.
2018-05-16 10:34:39 INFO  Main:77 - Executing - Sending of mail containing Internal Jira issues and corresponding patch Information.
2018-05-16 10:34:44 INFO  AccessPMT:98 - Patch information associated with the Jira issues extracted successfully.
2018-05-16 10:34:52 INFO  Main:72 - Executing - Sending of mail containing Customer Jira issues and corresponding patch Information.
2018-05-16 10:34:57 INFO  AccessPMT:98 - Patch information associated with the Jira issues extracted successfully.
2018-05-16 11:09:43 INFO  Main:77 - Executing - Sending of mail containing Internal Jira issues and corresponding patch Information.
2018-05-16 11:09:50 INFO  AccessPMT:98 - Patch information associated with the Jira issues extracted successfully.
2018-05-16 11:09:58 INFO  Main:72 - Executing - Sending of mail containing Customer Jira issues and corresponding patch Information.
2018-05-16 11:10:03 INFO  AccessPMT:98 - Patch information associated with the Jira issues extracted successfully.
2018-05-16 11:10:40 INFO  Main:77 - Executing - Sending of mail containing Internal Jira issues and corresponding patch Information.
2018-05-16 11:10:48 INFO  AccessPMT:98 - Patch information associated with the Jira issues extracted successfully.
2018-05-16 11:10:55 INFO  Main:72 - Executing - Sending of mail containing Customer Jira issues and corresponding patch Information.
2018-05-16 11:11:00 INFO  AccessPMT:98 - Patch information associated with the Jira issues extracted successfully.
2018-05-16 11:13:34 INFO  Main:77 - Executing - Sending of mail containing Internal Jira issues and corresponding patch Information.
2018-05-16 11:13:41 INFO  AccessPMT:98 - Patch information associated with the Jira issues extracted successfully.
2018-05-16 11:13:48 INFO  Main:72 - Executing - Sending of mail containing Customer Jira issues and corresponding patch Information.
2018-05-16 11:13:53 INFO  AccessPMT:98 - Patch information associated with the Jira issues extracted successfully.
2018-05-16 11:16:01 INFO  Main:77 - Executing - Sending of mail containing Internal Jira issues and corresponding patch Information.
2018-05-16 11:16:08 INFO  AccessPMT:98 - Patch information associated with the Jira issues extracted successfully.
2018-05-16 11:16:15 INFO  Main:72 - Executing - Sending of mail containing Customer Jira issues and corresponding patch Information.
2018-05-16 11:16:20 INFO  AccessPMT:98 - Patch information associated with the Jira issues extracted successfully.
2018-05-16 13:56:25 INFO  Main:77 - Executing - Sending of mail containing Internal Jira issues and corresponding patch Information.
2018-05-16 13:56:33 INFO  AccessPMT:98 - Patch information associated with the Jira issues extracted successfully.
2018-05-16 13:56:40 INFO  Main:72 - Executing - Sending of mail containing Customer Jira issues and corresponding patch Information.
2018-05-16 13:56:47 INFO  AccessPMT:98 - Patch information associated with the Jira issues extracted successfully.
2018-05-16 20:44:24 INFO  Main:75 - Executing process for: Internal Jira issues.
2018-05-16 20:44:34 ERROR AccessPMT:73 - Failed to connect to the Pmtdb
com.mysql.jdbc.exceptions.jdbc4.CommunicationsException: Communications link failure

The last packet sent successfully to the server was 0 milliseconds ago. The driver has not received any packets from the server.
	at sun.reflect.NativeConstructorAccessorImpl.newInstance0(Native Method)
	at sun.reflect.NativeConstructorAccessorImpl.newInstance(NativeConstructorAccessorImpl.java:62)
	at sun.reflect.DelegatingConstructorAccessorImpl.newInstance(DelegatingConstructorAccessorImpl.java:45)
	at java.lang.reflect.Constructor.newInstance(Constructor.java:423)
	at com.mysql.jdbc.Util.handleNewInstance(Util.java:425)
	at com.mysql.jdbc.SQLError.createCommunicationsException(SQLError.java:990)
	at com.mysql.jdbc.MysqlIO.<init>(MysqlIO.java:341)
	at com.mysql.jdbc.ConnectionImpl.coreConnect(ConnectionImpl.java:2186)
	at com.mysql.jdbc.ConnectionImpl.connectOneTryOnly(ConnectionImpl.java:2219)
	at com.mysql.jdbc.ConnectionImpl.createNewIO(ConnectionImpl.java:2014)
	at com.mysql.jdbc.ConnectionImpl.<init>(ConnectionImpl.java:776)
	at com.mysql.jdbc.JDBC4Connection.<init>(JDBC4Connection.java:47)
	at sun.reflect.NativeConstructorAccessorImpl.newInstance0(Native Method)
	at sun.reflect.NativeConstructorAccessorImpl.newInstance(NativeConstructorAccessorImpl.java:62)
	at sun.reflect.DelegatingConstructorAccessorImpl.newInstance(DelegatingConstructorAccessorImpl.java:45)
	at java.lang.reflect.Constructor.newInstance(Constructor.java:423)
	at com.mysql.jdbc.Util.handleNewInstance(Util.java:425)
	at com.mysql.jdbc.ConnectionImpl.getInstance(ConnectionImpl.java:386)
	at com.mysql.jdbc.NonRegisteringDriver.connect(NonRegisteringDriver.java:330)
	at java.sql.DriverManager.getConnection(DriverManager.java:664)
	at java.sql.DriverManager.getConnection(DriverManager.java:247)
	at org.wso2.OpenPatchInformation.PmtData.AccessPMT.getJiraIssuesInBothPMTAndJira(AccessPMT.java:46)
	at org.wso2.OpenPatchInformation.Main.executeProcess(Main.java:80)
	at org.wso2.OpenPatchInformation.Main.main(Main.java:42)
Caused by: java.net.NoRouteToHostException: No route to host (Host unreachable)
	at java.net.PlainSocketImpl.socketConnect(Native Method)
	at java.net.AbstractPlainSocketImpl.doConnect(AbstractPlainSocketImpl.java:350)
	at java.net.AbstractPlainSocketImpl.connectToAddress(AbstractPlainSocketImpl.java:206)
	at java.net.AbstractPlainSocketImpl.connect(AbstractPlainSocketImpl.java:188)
	at java.net.SocksSocketImpl.connect(SocksSocketImpl.java:392)
	at java.net.Socket.connect(Socket.java:589)
	at com.mysql.jdbc.StandardSocketFactory.connect(StandardSocketFactory.java:211)
	at com.mysql.jdbc.MysqlIO.<init>(MysqlIO.java:300)
	... 17 more
2018-05-16 20:44:34 ERROR Main:44 - Mail on internal Jira issues not sent successfully
org.wso2.OpenPatchInformation.Exceptions.PmtExceptions.AccessingPmtException: Failed to connect to the Pmtdb
	at org.wso2.OpenPatchInformation.PmtData.AccessPMT.getJiraIssuesInBothPMTAndJira(AccessPMT.java:74)
	at org.wso2.OpenPatchInformation.Main.executeProcess(Main.java:80)
	at org.wso2.OpenPatchInformation.Main.main(Main.java:42)
Caused by: com.mysql.jdbc.exceptions.jdbc4.CommunicationsException: Communications link failure

The last packet sent successfully to the server was 0 milliseconds ago. The driver has not received any packets from the server.
	at sun.reflect.NativeConstructorAccessorImpl.newInstance0(Native Method)
	at sun.reflect.NativeConstructorAccessorImpl.newInstance(NativeConstructorAccessorImpl.java:62)
	at sun.reflect.DelegatingConstructorAccessorImpl.newInstance(DelegatingConstructorAccessorImpl.java:45)
	at java.lang.reflect.Constructor.newInstance(Constructor.java:423)
	at com.mysql.jdbc.Util.handleNewInstance(Util.java:425)
	at com.mysql.jdbc.SQLError.createCommunicationsException(SQLError.java:990)
	at com.mysql.jdbc.MysqlIO.<init>(MysqlIO.java:341)
	at com.mysql.jdbc.ConnectionImpl.coreConnect(ConnectionImpl.java:2186)
	at com.mysql.jdbc.ConnectionImpl.connectOneTryOnly(ConnectionImpl.java:2219)
	at com.mysql.jdbc.ConnectionImpl.createNewIO(ConnectionImpl.java:2014)
	at com.mysql.jdbc.ConnectionImpl.<init>(ConnectionImpl.java:776)
	at com.mysql.jdbc.JDBC4Connection.<init>(JDBC4Connection.java:47)
	at sun.reflect.NativeConstructorAccessorImpl.newInstance0(Native Method)
	at sun.reflect.NativeConstructorAccessorImpl.newInstance(NativeConstructorAccessorImpl.java:62)
	at sun.reflect.DelegatingConstructorAccessorImpl.newInstance(DelegatingConstructorAccessorImpl.java:45)
	at java.lang.reflect.Constructor.newInstance(Constructor.java:423)
	at com.mysql.jdbc.Util.handleNewInstance(Util.java:425)
	at com.mysql.jdbc.ConnectionImpl.getInstance(ConnectionImpl.java:386)
	at com.mysql.jdbc.NonRegisteringDriver.connect(NonRegisteringDriver.java:330)
	at java.sql.DriverManager.getConnection(DriverManager.java:664)
	at java.sql.DriverManager.getConnection(DriverManager.java:247)
	at org.wso2.OpenPatchInformation.PmtData.AccessPMT.getJiraIssuesInBothPMTAndJira(AccessPMT.java:46)
	... 2 more
Caused by: java.net.NoRouteToHostException: No route to host (Host unreachable)
	at java.net.PlainSocketImpl.socketConnect(Native Method)
	at java.net.AbstractPlainSocketImpl.doConnect(AbstractPlainSocketImpl.java:350)
	at java.net.AbstractPlainSocketImpl.connectToAddress(AbstractPlainSocketImpl.java:206)
	at java.net.AbstractPlainSocketImpl.connect(AbstractPlainSocketImpl.java:188)
	at java.net.SocksSocketImpl.connect(SocksSocketImpl.java:392)
	at java.net.Socket.connect(Socket.java:589)
	at com.mysql.jdbc.StandardSocketFactory.connect(StandardSocketFactory.java:211)
	at com.mysql.jdbc.MysqlIO.<init>(MysqlIO.java:300)
	... 17 more
2018-05-16 20:44:34 INFO  Main:70 - Executing process for: Customer related Jira issues.
2018-05-16 20:44:41 ERROR AccessPMT:73 - Failed to connect to the Pmtdb
com.mysql.jdbc.exceptions.jdbc4.CommunicationsException: Communications link failure

The last packet sent successfully to the server was 0 milliseconds ago. The driver has not received any packets from the server.
	at sun.reflect.NativeConstructorAccessorImpl.newInstance0(Native Method)
	at sun.reflect.NativeConstructorAccessorImpl.newInstance(NativeConstructorAccessorImpl.java:62)
	at sun.reflect.DelegatingConstructorAccessorImpl.newInstance(DelegatingConstructorAccessorImpl.java:45)
	at java.lang.reflect.Constructor.newInstance(Constructor.java:423)
	at com.mysql.jdbc.Util.handleNewInstance(Util.java:425)
	at com.mysql.jdbc.SQLError.createCommunicationsException(SQLError.java:990)
	at com.mysql.jdbc.MysqlIO.<init>(MysqlIO.java:341)
	at com.mysql.jdbc.ConnectionImpl.coreConnect(ConnectionImpl.java:2186)
	at com.mysql.jdbc.ConnectionImpl.connectOneTryOnly(ConnectionImpl.java:2219)
	at com.mysql.jdbc.ConnectionImpl.createNewIO(ConnectionImpl.java:2014)
	at com.mysql.jdbc.ConnectionImpl.<init>(ConnectionImpl.java:776)
	at com.mysql.jdbc.JDBC4Connection.<init>(JDBC4Connection.java:47)
	at sun.reflect.NativeConstructorAccessorImpl.newInstance0(Native Method)
	at sun.reflect.NativeConstructorAccessorImpl.newInstance(NativeConstructorAccessorImpl.java:62)
	at sun.reflect.DelegatingConstructorAccessorImpl.newInstance(DelegatingConstructorAccessorImpl.java:45)
	at java.lang.reflect.Constructor.newInstance(Constructor.java:423)
	at com.mysql.jdbc.Util.handleNewInstance(Util.java:425)
	at com.mysql.jdbc.ConnectionImpl.getInstance(ConnectionImpl.java:386)
	at com.mysql.jdbc.NonRegisteringDriver.connect(NonRegisteringDriver.java:330)
	at java.sql.DriverManager.getConnection(DriverManager.java:664)
	at java.sql.DriverManager.getConnection(DriverManager.java:247)
	at org.wso2.OpenPatchInformation.PmtData.AccessPMT.getJiraIssuesInBothPMTAndJira(AccessPMT.java:46)
	at org.wso2.OpenPatchInformation.Main.executeProcess(Main.java:80)
	at org.wso2.OpenPatchInformation.Main.main(Main.java:47)
Caused by: java.net.NoRouteToHostException: No route to host (Host unreachable)
	at java.net.PlainSocketImpl.socketConnect(Native Method)
	at java.net.AbstractPlainSocketImpl.doConnect(AbstractPlainSocketImpl.java:350)
	at java.net.AbstractPlainSocketImpl.connectToAddress(AbstractPlainSocketImpl.java:206)
	at java.net.AbstractPlainSocketImpl.connect(AbstractPlainSocketImpl.java:188)
	at java.net.SocksSocketImpl.connect(SocksSocketImpl.java:392)
	at java.net.Socket.connect(Socket.java:589)
	at com.mysql.jdbc.StandardSocketFactory.connect(StandardSocketFactory.java:211)
	at com.mysql.jdbc.MysqlIO.<init>(MysqlIO.java:300)
	... 17 more
2018-05-16 20:44:41 ERROR Main:49 - Mail on customer related Jira issues not sent successfully
org.wso2.OpenPatchInformation.Exceptions.PmtExceptions.AccessingPmtException: Failed to connect to the Pmtdb
	at org.wso2.OpenPatchInformation.PmtData.AccessPMT.getJiraIssuesInBothPMTAndJira(AccessPMT.java:74)
	at org.wso2.OpenPatchInformation.Main.executeProcess(Main.java:80)
	at org.wso2.OpenPatchInformation.Main.main(Main.java:47)
Caused by: com.mysql.jdbc.exceptions.jdbc4.CommunicationsException: Communications link failure

The last packet sent successfully to the server was 0 milliseconds ago. The driver has not received any packets from the server.
	at sun.reflect.NativeConstructorAccessorImpl.newInstance0(Native Method)
	at sun.reflect.NativeConstructorAccessorImpl.newInstance(NativeConstructorAccessorImpl.java:62)
	at sun.reflect.DelegatingConstructorAccessorImpl.newInstance(DelegatingConstructorAccessorImpl.java:45)
	at java.lang.reflect.Constructor.newInstance(Constructor.java:423)
	at com.mysql.jdbc.Util.handleNewInstance(Util.java:425)
	at com.mysql.jdbc.SQLError.createCommunicationsException(SQLError.java:990)
	at com.mysql.jdbc.MysqlIO.<init>(MysqlIO.java:341)
	at com.mysql.jdbc.ConnectionImpl.coreConnect(ConnectionImpl.java:2186)
	at com.mysql.jdbc.ConnectionImpl.connectOneTryOnly(ConnectionImpl.java:2219)
	at com.mysql.jdbc.ConnectionImpl.createNewIO(ConnectionImpl.java:2014)
	at com.mysql.jdbc.ConnectionImpl.<init>(ConnectionImpl.java:776)
	at com.mysql.jdbc.JDBC4Connection.<init>(JDBC4Connection.java:47)
	at sun.reflect.NativeConstructorAccessorImpl.newInstance0(Native Method)
	at sun.reflect.NativeConstructorAccessorImpl.newInstance(NativeConstructorAccessorImpl.java:62)
	at sun.reflect.DelegatingConstructorAccessorImpl.newInstance(DelegatingConstructorAccessorImpl.java:45)
	at java.lang.reflect.Constructor.newInstance(Constructor.java:423)
	at com.mysql.jdbc.Util.handleNewInstance(Util.java:425)
	at com.mysql.jdbc.ConnectionImpl.getInstance(ConnectionImpl.java:386)
	at com.mysql.jdbc.NonRegisteringDriver.connect(NonRegisteringDriver.java:330)
	at java.sql.DriverManager.getConnection(DriverManager.java:664)
	at java.sql.DriverManager.getConnection(DriverManager.java:247)
	at org.wso2.OpenPatchInformation.PmtData.AccessPMT.getJiraIssuesInBothPMTAndJira(AccessPMT.java:46)
	... 2 more
Caused by: java.net.NoRouteToHostException: No route to host (Host unreachable)
	at java.net.PlainSocketImpl.socketConnect(Native Method)
	at java.net.AbstractPlainSocketImpl.doConnect(AbstractPlainSocketImpl.java:350)
	at java.net.AbstractPlainSocketImpl.connectToAddress(AbstractPlainSocketImpl.java:206)
	at java.net.AbstractPlainSocketImpl.connect(AbstractPlainSocketImpl.java:188)
	at java.net.SocksSocketImpl.connect(SocksSocketImpl.java:392)
	at java.net.Socket.connect(Socket.java:589)
	at com.mysql.jdbc.StandardSocketFactory.connect(StandardSocketFactory.java:211)
	at com.mysql.jdbc.MysqlIO.<init>(MysqlIO.java:300)
	... 17 more
2018-05-16 20:44:49 INFO  Main:75 - Executing process for: Internal Jira issues.
2018-05-16 20:44:59 ERROR AccessPMT:73 - Failed to connect to the Pmtdb
com.mysql.jdbc.exceptions.jdbc4.CommunicationsException: Communications link failure

The last packet sent successfully to the server was 0 milliseconds ago. The driver has not received any packets from the server.
	at sun.reflect.NativeConstructorAccessorImpl.newInstance0(Native Method)
	at sun.reflect.NativeConstructorAccessorImpl.newInstance(NativeConstructorAccessorImpl.java:62)
	at sun.reflect.DelegatingConstructorAccessorImpl.newInstance(DelegatingConstructorAccessorImpl.java:45)
	at java.lang.reflect.Constructor.newInstance(Constructor.java:423)
	at com.mysql.jdbc.Util.handleNewInstance(Util.java:425)
	at com.mysql.jdbc.SQLError.createCommunicationsException(SQLError.java:990)
	at com.mysql.jdbc.MysqlIO.<init>(MysqlIO.java:341)
	at com.mysql.jdbc.ConnectionImpl.coreConnect(ConnectionImpl.java:2186)
	at com.mysql.jdbc.ConnectionImpl.connectOneTryOnly(ConnectionImpl.java:2219)
	at com.mysql.jdbc.ConnectionImpl.createNewIO(ConnectionImpl.java:2014)
	at com.mysql.jdbc.ConnectionImpl.<init>(ConnectionImpl.java:776)
	at com.mysql.jdbc.JDBC4Connection.<init>(JDBC4Connection.java:47)
	at sun.reflect.NativeConstructorAccessorImpl.newInstance0(Native Method)
	at sun.reflect.NativeConstructorAccessorImpl.newInstance(NativeConstructorAccessorImpl.java:62)
	at sun.reflect.DelegatingConstructorAccessorImpl.newInstance(DelegatingConstructorAccessorImpl.java:45)
	at java.lang.reflect.Constructor.newInstance(Constructor.java:423)
	at com.mysql.jdbc.Util.handleNewInstance(Util.java:425)
	at com.mysql.jdbc.ConnectionImpl.getInstance(ConnectionImpl.java:386)
	at com.mysql.jdbc.NonRegisteringDriver.connect(NonRegisteringDriver.java:330)
	at java.sql.DriverManager.getConnection(DriverManager.java:664)
	at java.sql.DriverManager.getConnection(DriverManager.java:247)
	at org.wso2.OpenPatchInformation.PmtData.AccessPMT.getJiraIssuesInBothPMTAndJira(AccessPMT.java:46)
	at org.wso2.OpenPatchInformation.Main.executeProcess(Main.java:80)
	at org.wso2.OpenPatchInformation.Main.main(Main.java:42)
Caused by: java.net.NoRouteToHostException: No route to host (Host unreachable)
	at java.net.PlainSocketImpl.socketConnect(Native Method)
	at java.net.AbstractPlainSocketImpl.doConnect(AbstractPlainSocketImpl.java:350)
	at java.net.AbstractPlainSocketImpl.connectToAddress(AbstractPlainSocketImpl.java:206)
	at java.net.AbstractPlainSocketImpl.connect(AbstractPlainSocketImpl.java:188)
	at java.net.SocksSocketImpl.connect(SocksSocketImpl.java:392)
	at java.net.Socket.connect(Socket.java:589)
	at com.mysql.jdbc.StandardSocketFactory.connect(StandardSocketFactory.java:211)
	at com.mysql.jdbc.MysqlIO.<init>(MysqlIO.java:300)
	... 17 more
2018-05-16 20:44:59 ERROR Main:44 - Mail on internal Jira issues not sent successfully
org.wso2.OpenPatchInformation.Exceptions.PmtExceptions.AccessingPmtException: Failed to connect to the Pmtdb
	at org.wso2.OpenPatchInformation.PmtData.AccessPMT.getJiraIssuesInBothPMTAndJira(AccessPMT.java:74)
	at org.wso2.OpenPatchInformation.Main.executeProcess(Main.java:80)
	at org.wso2.OpenPatchInformation.Main.main(Main.java:42)
Caused by: com.mysql.jdbc.exceptions.jdbc4.CommunicationsException: Communications link failure

The last packet sent successfully to the server was 0 milliseconds ago. The driver has not received any packets from the server.
	at sun.reflect.NativeConstructorAccessorImpl.newInstance0(Native Method)
	at sun.reflect.NativeConstructorAccessorImpl.newInstance(NativeConstructorAccessorImpl.java:62)
	at sun.reflect.DelegatingConstructorAccessorImpl.newInstance(DelegatingConstructorAccessorImpl.java:45)
	at java.lang.reflect.Constructor.newInstance(Constructor.java:423)
	at com.mysql.jdbc.Util.handleNewInstance(Util.java:425)
	at com.mysql.jdbc.SQLError.createCommunicationsException(SQLError.java:990)
	at com.mysql.jdbc.MysqlIO.<init>(MysqlIO.java:341)
	at com.mysql.jdbc.ConnectionImpl.coreConnect(ConnectionImpl.java:2186)
	at com.mysql.jdbc.ConnectionImpl.connectOneTryOnly(ConnectionImpl.java:2219)
	at com.mysql.jdbc.ConnectionImpl.createNewIO(ConnectionImpl.java:2014)
	at com.mysql.jdbc.ConnectionImpl.<init>(ConnectionImpl.java:776)
	at com.mysql.jdbc.JDBC4Connection.<init>(JDBC4Connection.java:47)
	at sun.reflect.NativeConstructorAccessorImpl.newInstance0(Native Method)
	at sun.reflect.NativeConstructorAccessorImpl.newInstance(NativeConstructorAccessorImpl.java:62)
	at sun.reflect.DelegatingConstructorAccessorImpl.newInstance(DelegatingConstructorAccessorImpl.java:45)
	at java.lang.reflect.Constructor.newInstance(Constructor.java:423)
	at com.mysql.jdbc.Util.handleNewInstance(Util.java:425)
	at com.mysql.jdbc.ConnectionImpl.getInstance(ConnectionImpl.java:386)
	at com.mysql.jdbc.NonRegisteringDriver.connect(NonRegisteringDriver.java:330)
	at java.sql.DriverManager.getConnection(DriverManager.java:664)
	at java.sql.DriverManager.getConnection(DriverManager.java:247)
	at org.wso2.OpenPatchInformation.PmtData.AccessPMT.getJiraIssuesInBothPMTAndJira(AccessPMT.java:46)
	... 2 more
Caused by: java.net.NoRouteToHostException: No route to host (Host unreachable)
	at java.net.PlainSocketImpl.socketConnect(Native Method)
	at java.net.AbstractPlainSocketImpl.doConnect(AbstractPlainSocketImpl.java:350)
	at java.net.AbstractPlainSocketImpl.connectToAddress(AbstractPlainSocketImpl.java:206)
	at java.net.AbstractPlainSocketImpl.connect(AbstractPlainSocketImpl.java:188)
	at java.net.SocksSocketImpl.connect(SocksSocketImpl.java:392)
	at java.net.Socket.connect(Socket.java:589)
	at com.mysql.jdbc.StandardSocketFactory.connect(StandardSocketFactory.java:211)
	at com.mysql.jdbc.MysqlIO.<init>(MysqlIO.java:300)
	... 17 more
2018-05-16 20:44:59 INFO  Main:70 - Executing process for: Customer related Jira issues.
2018-05-16 20:45:08 ERROR AccessPMT:73 - Failed to connect to the Pmtdb
com.mysql.jdbc.exceptions.jdbc4.CommunicationsException: Communications link failure

The last packet sent successfully to the server was 0 milliseconds ago. The driver has not received any packets from the server.
	at sun.reflect.NativeConstructorAccessorImpl.newInstance0(Native Method)
	at sun.reflect.NativeConstructorAccessorImpl.newInstance(NativeConstructorAccessorImpl.java:62)
	at sun.reflect.DelegatingConstructorAccessorImpl.newInstance(DelegatingConstructorAccessorImpl.java:45)
	at java.lang.reflect.Constructor.newInstance(Constructor.java:423)
	at com.mysql.jdbc.Util.handleNewInstance(Util.java:425)
	at com.mysql.jdbc.SQLError.createCommunicationsException(SQLError.java:990)
	at com.mysql.jdbc.MysqlIO.<init>(MysqlIO.java:341)
	at com.mysql.jdbc.ConnectionImpl.coreConnect(ConnectionImpl.java:2186)
	at com.mysql.jdbc.ConnectionImpl.connectOneTryOnly(ConnectionImpl.java:2219)
	at com.mysql.jdbc.ConnectionImpl.createNewIO(ConnectionImpl.java:2014)
	at com.mysql.jdbc.ConnectionImpl.<init>(ConnectionImpl.java:776)
	at com.mysql.jdbc.JDBC4Connection.<init>(JDBC4Connection.java:47)
	at sun.reflect.NativeConstructorAccessorImpl.newInstance0(Native Method)
	at sun.reflect.NativeConstructorAccessorImpl.newInstance(NativeConstructorAccessorImpl.java:62)
	at sun.reflect.DelegatingConstructorAccessorImpl.newInstance(DelegatingConstructorAccessorImpl.java:45)
	at java.lang.reflect.Constructor.newInstance(Constructor.java:423)
	at com.mysql.jdbc.Util.handleNewInstance(Util.java:425)
	at com.mysql.jdbc.ConnectionImpl.getInstance(ConnectionImpl.java:386)
	at com.mysql.jdbc.NonRegisteringDriver.connect(NonRegisteringDriver.java:330)
	at java.sql.DriverManager.getConnection(DriverManager.java:664)
	at java.sql.DriverManager.getConnection(DriverManager.java:247)
	at org.wso2.OpenPatchInformation.PmtData.AccessPMT.getJiraIssuesInBothPMTAndJira(AccessPMT.java:46)
	at org.wso2.OpenPatchInformation.Main.executeProcess(Main.java:80)
	at org.wso2.OpenPatchInformation.Main.main(Main.java:47)
Caused by: java.net.NoRouteToHostException: No route to host (Host unreachable)
	at java.net.PlainSocketImpl.socketConnect(Native Method)
	at java.net.AbstractPlainSocketImpl.doConnect(AbstractPlainSocketImpl.java:350)
	at java.net.AbstractPlainSocketImpl.connectToAddress(AbstractPlainSocketImpl.java:206)
	at java.net.AbstractPlainSocketImpl.connect(AbstractPlainSocketImpl.java:188)
	at java.net.SocksSocketImpl.connect(SocksSocketImpl.java:392)
	at java.net.Socket.connect(Socket.java:589)
	at com.mysql.jdbc.StandardSocketFactory.connect(StandardSocketFactory.java:211)
	at com.mysql.jdbc.MysqlIO.<init>(MysqlIO.java:300)
	... 17 more
2018-05-16 20:45:08 ERROR Main:49 - Mail on customer related Jira issues not sent successfully
org.wso2.OpenPatchInformation.Exceptions.PmtExceptions.AccessingPmtException: Failed to connect to the Pmtdb
	at org.wso2.OpenPatchInformation.PmtData.AccessPMT.getJiraIssuesInBothPMTAndJira(AccessPMT.java:74)
	at org.wso2.OpenPatchInformation.Main.executeProcess(Main.java:80)
	at org.wso2.OpenPatchInformation.Main.main(Main.java:47)
Caused by: com.mysql.jdbc.exceptions.jdbc4.CommunicationsException: Communications link failure

The last packet sent successfully to the server was 0 milliseconds ago. The driver has not received any packets from the server.
	at sun.reflect.NativeConstructorAccessorImpl.newInstance0(Native Method)
	at sun.reflect.NativeConstructorAccessorImpl.newInstance(NativeConstructorAccessorImpl.java:62)
	at sun.reflect.DelegatingConstructorAccessorImpl.newInstance(DelegatingConstructorAccessorImpl.java:45)
	at java.lang.reflect.Constructor.newInstance(Constructor.java:423)
	at com.mysql.jdbc.Util.handleNewInstance(Util.java:425)
	at com.mysql.jdbc.SQLError.createCommunicationsException(SQLError.java:990)
	at com.mysql.jdbc.MysqlIO.<init>(MysqlIO.java:341)
	at com.mysql.jdbc.ConnectionImpl.coreConnect(ConnectionImpl.java:2186)
	at com.mysql.jdbc.ConnectionImpl.connectOneTryOnly(ConnectionImpl.java:2219)
	at com.mysql.jdbc.ConnectionImpl.createNewIO(ConnectionImpl.java:2014)
	at com.mysql.jdbc.ConnectionImpl.<init>(ConnectionImpl.java:776)
	at com.mysql.jdbc.JDBC4Connection.<init>(JDBC4Connection.java:47)
	at sun.reflect.NativeConstructorAccessorImpl.newInstance0(Native Method)
	at sun.reflect.NativeConstructorAccessorImpl.newInstance(NativeConstructorAccessorImpl.java:62)
	at sun.reflect.DelegatingConstructorAccessorImpl.newInstance(DelegatingConstructorAccessorImpl.java:45)
	at java.lang.reflect.Constructor.newInstance(Constructor.java:423)
	at com.mysql.jdbc.Util.handleNewInstance(Util.java:425)
	at com.mysql.jdbc.ConnectionImpl.getInstance(ConnectionImpl.java:386)
	at com.mysql.jdbc.NonRegisteringDriver.connect(NonRegisteringDriver.java:330)
	at java.sql.DriverManager.getConnection(DriverManager.java:664)
	at java.sql.DriverManager.getConnection(DriverManager.java:247)
	at org.wso2.OpenPatchInformation.PmtData.AccessPMT.getJiraIssuesInBothPMTAndJira(AccessPMT.java:46)
	... 2 more
Caused by: java.net.NoRouteToHostException: No route to host (Host unreachable)
	at java.net.PlainSocketImpl.socketConnect(Native Method)
	at java.net.AbstractPlainSocketImpl.doConnect(AbstractPlainSocketImpl.java:350)
	at java.net.AbstractPlainSocketImpl.connectToAddress(AbstractPlainSocketImpl.java:206)
	at java.net.AbstractPlainSocketImpl.connect(AbstractPlainSocketImpl.java:188)
	at java.net.SocksSocketImpl.connect(SocksSocketImpl.java:392)
	at java.net.Socket.connect(Socket.java:589)
	at com.mysql.jdbc.StandardSocketFactory.connect(StandardSocketFactory.java:211)
	at com.mysql.jdbc.MysqlIO.<init>(MysqlIO.java:300)
	... 17 more
2018-05-16 20:45:57 INFO  Main:75 - Executing process for: Internal Jira issues.
2018-05-16 20:46:07 INFO  AccessJira:90 - Jira issues successfully extracted from Jira
2018-05-16 20:46:10 ERROR AccessPMT:73 - Failed to connect to the Pmtdb
com.mysql.jdbc.exceptions.jdbc4.CommunicationsException: Communications link failure

The last packet sent successfully to the server was 0 milliseconds ago. The driver has not received any packets from the server.
	at sun.reflect.NativeConstructorAccessorImpl.newInstance0(Native Method)
	at sun.reflect.NativeConstructorAccessorImpl.newInstance(NativeConstructorAccessorImpl.java:62)
	at sun.reflect.DelegatingConstructorAccessorImpl.newInstance(DelegatingConstructorAccessorImpl.java:45)
	at java.lang.reflect.Constructor.newInstance(Constructor.java:423)
	at com.mysql.jdbc.Util.handleNewInstance(Util.java:425)
	at com.mysql.jdbc.SQLError.createCommunicationsException(SQLError.java:990)
	at com.mysql.jdbc.MysqlIO.<init>(MysqlIO.java:341)
	at com.mysql.jdbc.ConnectionImpl.coreConnect(ConnectionImpl.java:2186)
	at com.mysql.jdbc.ConnectionImpl.connectOneTryOnly(ConnectionImpl.java:2219)
	at com.mysql.jdbc.ConnectionImpl.createNewIO(ConnectionImpl.java:2014)
	at com.mysql.jdbc.ConnectionImpl.<init>(ConnectionImpl.java:776)
	at com.mysql.jdbc.JDBC4Connection.<init>(JDBC4Connection.java:47)
	at sun.reflect.NativeConstructorAccessorImpl.newInstance0(Native Method)
	at sun.reflect.NativeConstructorAccessorImpl.newInstance(NativeConstructorAccessorImpl.java:62)
	at sun.reflect.DelegatingConstructorAccessorImpl.newInstance(DelegatingConstructorAccessorImpl.java:45)
	at java.lang.reflect.Constructor.newInstance(Constructor.java:423)
	at com.mysql.jdbc.Util.handleNewInstance(Util.java:425)
	at com.mysql.jdbc.ConnectionImpl.getInstance(ConnectionImpl.java:386)
	at com.mysql.jdbc.NonRegisteringDriver.connect(NonRegisteringDriver.java:330)
	at java.sql.DriverManager.getConnection(DriverManager.java:664)
	at java.sql.DriverManager.getConnection(DriverManager.java:247)
	at org.wso2.OpenPatchInformation.PmtData.AccessPMT.getJiraIssuesInBothPMTAndJira(AccessPMT.java:46)
	at org.wso2.OpenPatchInformation.Main.executeProcess(Main.java:80)
	at org.wso2.OpenPatchInformation.Main.main(Main.java:42)
Caused by: java.net.NoRouteToHostException: No route to host (Host unreachable)
	at java.net.PlainSocketImpl.socketConnect(Native Method)
	at java.net.AbstractPlainSocketImpl.doConnect(AbstractPlainSocketImpl.java:350)
	at java.net.AbstractPlainSocketImpl.connectToAddress(AbstractPlainSocketImpl.java:206)
	at java.net.AbstractPlainSocketImpl.connect(AbstractPlainSocketImpl.java:188)
	at java.net.SocksSocketImpl.connect(SocksSocketImpl.java:392)
	at java.net.Socket.connect(Socket.java:589)
	at com.mysql.jdbc.StandardSocketFactory.connect(StandardSocketFactory.java:211)
	at com.mysql.jdbc.MysqlIO.<init>(MysqlIO.java:300)
	... 17 more
2018-05-16 20:46:10 ERROR Main:44 - Mail on internal Jira issues not sent successfully
org.wso2.OpenPatchInformation.Exceptions.PmtExceptions.AccessingPmtException: Failed to connect to the Pmtdb
	at org.wso2.OpenPatchInformation.PmtData.AccessPMT.getJiraIssuesInBothPMTAndJira(AccessPMT.java:74)
	at org.wso2.OpenPatchInformation.Main.executeProcess(Main.java:80)
	at org.wso2.OpenPatchInformation.Main.main(Main.java:42)
Caused by: com.mysql.jdbc.exceptions.jdbc4.CommunicationsException: Communications link failure

The last packet sent successfully to the server was 0 milliseconds ago. The driver has not received any packets from the server.
	at sun.reflect.NativeConstructorAccessorImpl.newInstance0(Native Method)
	at sun.reflect.NativeConstructorAccessorImpl.newInstance(NativeConstructorAccessorImpl.java:62)
	at sun.reflect.DelegatingConstructorAccessorImpl.newInstance(DelegatingConstructorAccessorImpl.java:45)
	at java.lang.reflect.Constructor.newInstance(Constructor.java:423)
	at com.mysql.jdbc.Util.handleNewInstance(Util.java:425)
	at com.mysql.jdbc.SQLError.createCommunicationsException(SQLError.java:990)
	at com.mysql.jdbc.MysqlIO.<init>(MysqlIO.java:341)
	at com.mysql.jdbc.ConnectionImpl.coreConnect(ConnectionImpl.java:2186)
	at com.mysql.jdbc.ConnectionImpl.connectOneTryOnly(ConnectionImpl.java:2219)
	at com.mysql.jdbc.ConnectionImpl.createNewIO(ConnectionImpl.java:2014)
	at com.mysql.jdbc.ConnectionImpl.<init>(ConnectionImpl.java:776)
	at com.mysql.jdbc.JDBC4Connection.<init>(JDBC4Connection.java:47)
	at sun.reflect.NativeConstructorAccessorImpl.newInstance0(Native Method)
	at sun.reflect.NativeConstructorAccessorImpl.newInstance(NativeConstructorAccessorImpl.java:62)
	at sun.reflect.DelegatingConstructorAccessorImpl.newInstance(DelegatingConstructorAccessorImpl.java:45)
	at java.lang.reflect.Constructor.newInstance(Constructor.java:423)
	at com.mysql.jdbc.Util.handleNewInstance(Util.java:425)
	at com.mysql.jdbc.ConnectionImpl.getInstance(ConnectionImpl.java:386)
	at com.mysql.jdbc.NonRegisteringDriver.connect(NonRegisteringDriver.java:330)
	at java.sql.DriverManager.getConnection(DriverManager.java:664)
	at java.sql.DriverManager.getConnection(DriverManager.java:247)
	at org.wso2.OpenPatchInformation.PmtData.AccessPMT.getJiraIssuesInBothPMTAndJira(AccessPMT.java:46)
	... 2 more
Caused by: java.net.NoRouteToHostException: No route to host (Host unreachable)
	at java.net.PlainSocketImpl.socketConnect(Native Method)
	at java.net.AbstractPlainSocketImpl.doConnect(AbstractPlainSocketImpl.java:350)
	at java.net.AbstractPlainSocketImpl.connectToAddress(AbstractPlainSocketImpl.java:206)
	at java.net.AbstractPlainSocketImpl.connect(AbstractPlainSocketImpl.java:188)
	at java.net.SocksSocketImpl.connect(SocksSocketImpl.java:392)
	at java.net.Socket.connect(Socket.java:589)
	at com.mysql.jdbc.StandardSocketFactory.connect(StandardSocketFactory.java:211)
	at com.mysql.jdbc.MysqlIO.<init>(MysqlIO.java:300)
	... 17 more
2018-05-16 20:46:10 INFO  Main:70 - Executing process for: Customer related Jira issues.
2018-05-16 20:46:19 INFO  AccessJira:90 - Jira issues successfully extracted from Jira
2018-05-16 20:46:22 ERROR AccessPMT:73 - Failed to connect to the Pmtdb
com.mysql.jdbc.exceptions.jdbc4.CommunicationsException: Communications link failure

The last packet sent successfully to the server was 0 milliseconds ago. The driver has not received any packets from the server.
	at sun.reflect.NativeConstructorAccessorImpl.newInstance0(Native Method)
	at sun.reflect.NativeConstructorAccessorImpl.newInstance(NativeConstructorAccessorImpl.java:62)
	at sun.reflect.DelegatingConstructorAccessorImpl.newInstance(DelegatingConstructorAccessorImpl.java:45)
	at java.lang.reflect.Constructor.newInstance(Constructor.java:423)
	at com.mysql.jdbc.Util.handleNewInstance(Util.java:425)
	at com.mysql.jdbc.SQLError.createCommunicationsException(SQLError.java:990)
	at com.mysql.jdbc.MysqlIO.<init>(MysqlIO.java:341)
	at com.mysql.jdbc.ConnectionImpl.coreConnect(ConnectionImpl.java:2186)
	at com.mysql.jdbc.ConnectionImpl.connectOneTryOnly(ConnectionImpl.java:2219)
	at com.mysql.jdbc.ConnectionImpl.createNewIO(ConnectionImpl.java:2014)
	at com.mysql.jdbc.ConnectionImpl.<init>(ConnectionImpl.java:776)
	at com.mysql.jdbc.JDBC4Connection.<init>(JDBC4Connection.java:47)
	at sun.reflect.NativeConstructorAccessorImpl.newInstance0(Native Method)
	at sun.reflect.NativeConstructorAccessorImpl.newInstance(NativeConstructorAccessorImpl.java:62)
	at sun.reflect.DelegatingConstructorAccessorImpl.newInstance(DelegatingConstructorAccessorImpl.java:45)
	at java.lang.reflect.Constructor.newInstance(Constructor.java:423)
	at com.mysql.jdbc.Util.handleNewInstance(Util.java:425)
	at com.mysql.jdbc.ConnectionImpl.getInstance(ConnectionImpl.java:386)
	at com.mysql.jdbc.NonRegisteringDriver.connect(NonRegisteringDriver.java:330)
	at java.sql.DriverManager.getConnection(DriverManager.java:664)
	at java.sql.DriverManager.getConnection(DriverManager.java:247)
	at org.wso2.OpenPatchInformation.PmtData.AccessPMT.getJiraIssuesInBothPMTAndJira(AccessPMT.java:46)
	at org.wso2.OpenPatchInformation.Main.executeProcess(Main.java:80)
	at org.wso2.OpenPatchInformation.Main.main(Main.java:47)
Caused by: java.net.NoRouteToHostException: No route to host (Host unreachable)
	at java.net.PlainSocketImpl.socketConnect(Native Method)
	at java.net.AbstractPlainSocketImpl.doConnect(AbstractPlainSocketImpl.java:350)
	at java.net.AbstractPlainSocketImpl.connectToAddress(AbstractPlainSocketImpl.java:206)
	at java.net.AbstractPlainSocketImpl.connect(AbstractPlainSocketImpl.java:188)
	at java.net.SocksSocketImpl.connect(SocksSocketImpl.java:392)
	at java.net.Socket.connect(Socket.java:589)
	at com.mysql.jdbc.StandardSocketFactory.connect(StandardSocketFactory.java:211)
	at com.mysql.jdbc.MysqlIO.<init>(MysqlIO.java:300)
	... 17 more
2018-05-16 20:46:22 ERROR Main:49 - Mail on customer related Jira issues not sent successfully
org.wso2.OpenPatchInformation.Exceptions.PmtExceptions.AccessingPmtException: Failed to connect to the Pmtdb
	at org.wso2.OpenPatchInformation.PmtData.AccessPMT.getJiraIssuesInBothPMTAndJira(AccessPMT.java:74)
	at org.wso2.OpenPatchInformation.Main.executeProcess(Main.java:80)
	at org.wso2.OpenPatchInformation.Main.main(Main.java:47)
Caused by: com.mysql.jdbc.exceptions.jdbc4.CommunicationsException: Communications link failure

The last packet sent successfully to the server was 0 milliseconds ago. The driver has not received any packets from the server.
	at sun.reflect.NativeConstructorAccessorImpl.newInstance0(Native Method)
	at sun.reflect.NativeConstructorAccessorImpl.newInstance(NativeConstructorAccessorImpl.java:62)
	at sun.reflect.DelegatingConstructorAccessorImpl.newInstance(DelegatingConstructorAccessorImpl.java:45)
	at java.lang.reflect.Constructor.newInstance(Constructor.java:423)
	at com.mysql.jdbc.Util.handleNewInstance(Util.java:425)
	at com.mysql.jdbc.SQLError.createCommunicationsException(SQLError.java:990)
	at com.mysql.jdbc.MysqlIO.<init>(MysqlIO.java:341)
	at com.mysql.jdbc.ConnectionImpl.coreConnect(ConnectionImpl.java:2186)
	at com.mysql.jdbc.ConnectionImpl.connectOneTryOnly(ConnectionImpl.java:2219)
	at com.mysql.jdbc.ConnectionImpl.createNewIO(ConnectionImpl.java:2014)
	at com.mysql.jdbc.ConnectionImpl.<init>(ConnectionImpl.java:776)
	at com.mysql.jdbc.JDBC4Connection.<init>(JDBC4Connection.java:47)
	at sun.reflect.NativeConstructorAccessorImpl.newInstance0(Native Method)
	at sun.reflect.NativeConstructorAccessorImpl.newInstance(NativeConstructorAccessorImpl.java:62)
	at sun.reflect.DelegatingConstructorAccessorImpl.newInstance(DelegatingConstructorAccessorImpl.java:45)
	at java.lang.reflect.Constructor.newInstance(Constructor.java:423)
	at com.mysql.jdbc.Util.handleNewInstance(Util.java:425)
	at com.mysql.jdbc.ConnectionImpl.getInstance(ConnectionImpl.java:386)
	at com.mysql.jdbc.NonRegisteringDriver.connect(NonRegisteringDriver.java:330)
	at java.sql.DriverManager.getConnection(DriverManager.java:664)
	at java.sql.DriverManager.getConnection(DriverManager.java:247)
	at org.wso2.OpenPatchInformation.PmtData.AccessPMT.getJiraIssuesInBothPMTAndJira(AccessPMT.java:46)
	... 2 more
Caused by: java.net.NoRouteToHostException: No route to host (Host unreachable)
	at java.net.PlainSocketImpl.socketConnect(Native Method)
	at java.net.AbstractPlainSocketImpl.doConnect(AbstractPlainSocketImpl.java:350)
	at java.net.AbstractPlainSocketImpl.connectToAddress(AbstractPlainSocketImpl.java:206)
	at java.net.AbstractPlainSocketImpl.connect(AbstractPlainSocketImpl.java:188)
	at java.net.SocksSocketImpl.connect(SocksSocketImpl.java:392)
	at java.net.Socket.connect(Socket.java:589)
	at com.mysql.jdbc.StandardSocketFactory.connect(StandardSocketFactory.java:211)
	at com.mysql.jdbc.MysqlIO.<init>(MysqlIO.java:300)
	... 17 more
2018-05-16 20:46:36 INFO  Main:75 - Executing process for: Internal Jira issues.
2018-05-16 20:46:45 INFO  AccessJira:89 - Jira issues successfully extracted from Jira.
2018-05-16 20:46:48 ERROR AccessPMT:73 - Failed to connect to the Pmtdb
com.mysql.jdbc.exceptions.jdbc4.CommunicationsException: Communications link failure

The last packet sent successfully to the server was 0 milliseconds ago. The driver has not received any packets from the server.
	at sun.reflect.NativeConstructorAccessorImpl.newInstance0(Native Method)
	at sun.reflect.NativeConstructorAccessorImpl.newInstance(NativeConstructorAccessorImpl.java:62)
	at sun.reflect.DelegatingConstructorAccessorImpl.newInstance(DelegatingConstructorAccessorImpl.java:45)
	at java.lang.reflect.Constructor.newInstance(Constructor.java:423)
	at com.mysql.jdbc.Util.handleNewInstance(Util.java:425)
	at com.mysql.jdbc.SQLError.createCommunicationsException(SQLError.java:990)
	at com.mysql.jdbc.MysqlIO.<init>(MysqlIO.java:341)
	at com.mysql.jdbc.ConnectionImpl.coreConnect(ConnectionImpl.java:2186)
	at com.mysql.jdbc.ConnectionImpl.connectOneTryOnly(ConnectionImpl.java:2219)
	at com.mysql.jdbc.ConnectionImpl.createNewIO(ConnectionImpl.java:2014)
	at com.mysql.jdbc.ConnectionImpl.<init>(ConnectionImpl.java:776)
	at com.mysql.jdbc.JDBC4Connection.<init>(JDBC4Connection.java:47)
	at sun.reflect.NativeConstructorAccessorImpl.newInstance0(Native Method)
	at sun.reflect.NativeConstructorAccessorImpl.newInstance(NativeConstructorAccessorImpl.java:62)
	at sun.reflect.DelegatingConstructorAccessorImpl.newInstance(DelegatingConstructorAccessorImpl.java:45)
	at java.lang.reflect.Constructor.newInstance(Constructor.java:423)
	at com.mysql.jdbc.Util.handleNewInstance(Util.java:425)
	at com.mysql.jdbc.ConnectionImpl.getInstance(ConnectionImpl.java:386)
	at com.mysql.jdbc.NonRegisteringDriver.connect(NonRegisteringDriver.java:330)
	at java.sql.DriverManager.getConnection(DriverManager.java:664)
	at java.sql.DriverManager.getConnection(DriverManager.java:247)
	at org.wso2.OpenPatchInformation.PmtData.AccessPMT.getJiraIssuesInBothPMTAndJira(AccessPMT.java:46)
	at org.wso2.OpenPatchInformation.Main.executeProcess(Main.java:80)
	at org.wso2.OpenPatchInformation.Main.main(Main.java:42)
Caused by: java.net.NoRouteToHostException: No route to host (Host unreachable)
	at java.net.PlainSocketImpl.socketConnect(Native Method)
	at java.net.AbstractPlainSocketImpl.doConnect(AbstractPlainSocketImpl.java:350)
	at java.net.AbstractPlainSocketImpl.connectToAddress(AbstractPlainSocketImpl.java:206)
	at java.net.AbstractPlainSocketImpl.connect(AbstractPlainSocketImpl.java:188)
	at java.net.SocksSocketImpl.connect(SocksSocketImpl.java:392)
	at java.net.Socket.connect(Socket.java:589)
	at com.mysql.jdbc.StandardSocketFactory.connect(StandardSocketFactory.java:211)
	at com.mysql.jdbc.MysqlIO.<init>(MysqlIO.java:300)
	... 17 more
2018-05-16 20:46:48 ERROR Main:44 - Mail on internal Jira issues not sent successfully
org.wso2.OpenPatchInformation.Exceptions.PmtExceptions.AccessingPmtException: Failed to connect to the Pmtdb
	at org.wso2.OpenPatchInformation.PmtData.AccessPMT.getJiraIssuesInBothPMTAndJira(AccessPMT.java:74)
	at org.wso2.OpenPatchInformation.Main.executeProcess(Main.java:80)
	at org.wso2.OpenPatchInformation.Main.main(Main.java:42)
Caused by: com.mysql.jdbc.exceptions.jdbc4.CommunicationsException: Communications link failure

The last packet sent successfully to the server was 0 milliseconds ago. The driver has not received any packets from the server.
	at sun.reflect.NativeConstructorAccessorImpl.newInstance0(Native Method)
	at sun.reflect.NativeConstructorAccessorImpl.newInstance(NativeConstructorAccessorImpl.java:62)
	at sun.reflect.DelegatingConstructorAccessorImpl.newInstance(DelegatingConstructorAccessorImpl.java:45)
	at java.lang.reflect.Constructor.newInstance(Constructor.java:423)
	at com.mysql.jdbc.Util.handleNewInstance(Util.java:425)
	at com.mysql.jdbc.SQLError.createCommunicationsException(SQLError.java:990)
	at com.mysql.jdbc.MysqlIO.<init>(MysqlIO.java:341)
	at com.mysql.jdbc.ConnectionImpl.coreConnect(ConnectionImpl.java:2186)
	at com.mysql.jdbc.ConnectionImpl.connectOneTryOnly(ConnectionImpl.java:2219)
	at com.mysql.jdbc.ConnectionImpl.createNewIO(ConnectionImpl.java:2014)
	at com.mysql.jdbc.ConnectionImpl.<init>(ConnectionImpl.java:776)
	at com.mysql.jdbc.JDBC4Connection.<init>(JDBC4Connection.java:47)
	at sun.reflect.NativeConstructorAccessorImpl.newInstance0(Native Method)
	at sun.reflect.NativeConstructorAccessorImpl.newInstance(NativeConstructorAccessorImpl.java:62)
	at sun.reflect.DelegatingConstructorAccessorImpl.newInstance(DelegatingConstructorAccessorImpl.java:45)
	at java.lang.reflect.Constructor.newInstance(Constructor.java:423)
	at com.mysql.jdbc.Util.handleNewInstance(Util.java:425)
	at com.mysql.jdbc.ConnectionImpl.getInstance(ConnectionImpl.java:386)
	at com.mysql.jdbc.NonRegisteringDriver.connect(NonRegisteringDriver.java:330)
	at java.sql.DriverManager.getConnection(DriverManager.java:664)
	at java.sql.DriverManager.getConnection(DriverManager.java:247)
	at org.wso2.OpenPatchInformation.PmtData.AccessPMT.getJiraIssuesInBothPMTAndJira(AccessPMT.java:46)
	... 2 more
Caused by: java.net.NoRouteToHostException: No route to host (Host unreachable)
	at java.net.PlainSocketImpl.socketConnect(Native Method)
	at java.net.AbstractPlainSocketImpl.doConnect(AbstractPlainSocketImpl.java:350)
	at java.net.AbstractPlainSocketImpl.connectToAddress(AbstractPlainSocketImpl.java:206)
	at java.net.AbstractPlainSocketImpl.connect(AbstractPlainSocketImpl.java:188)
	at java.net.SocksSocketImpl.connect(SocksSocketImpl.java:392)
	at java.net.Socket.connect(Socket.java:589)
	at com.mysql.jdbc.StandardSocketFactory.connect(StandardSocketFactory.java:211)
	at com.mysql.jdbc.MysqlIO.<init>(MysqlIO.java:300)
	... 17 more
2018-05-16 20:46:48 INFO  Main:70 - Executing process for: Customer related Jira issues.
2018-05-16 20:46:55 INFO  AccessJira:89 - Jira issues successfully extracted from Jira.
2018-05-16 20:46:58 ERROR AccessPMT:73 - Failed to connect to the Pmtdb
com.mysql.jdbc.exceptions.jdbc4.CommunicationsException: Communications link failure

The last packet sent successfully to the server was 0 milliseconds ago. The driver has not received any packets from the server.
	at sun.reflect.NativeConstructorAccessorImpl.newInstance0(Native Method)
	at sun.reflect.NativeConstructorAccessorImpl.newInstance(NativeConstructorAccessorImpl.java:62)
	at sun.reflect.DelegatingConstructorAccessorImpl.newInstance(DelegatingConstructorAccessorImpl.java:45)
	at java.lang.reflect.Constructor.newInstance(Constructor.java:423)
	at com.mysql.jdbc.Util.handleNewInstance(Util.java:425)
	at com.mysql.jdbc.SQLError.createCommunicationsException(SQLError.java:990)
	at com.mysql.jdbc.MysqlIO.<init>(MysqlIO.java:341)
	at com.mysql.jdbc.ConnectionImpl.coreConnect(ConnectionImpl.java:2186)
	at com.mysql.jdbc.ConnectionImpl.connectOneTryOnly(ConnectionImpl.java:2219)
	at com.mysql.jdbc.ConnectionImpl.createNewIO(ConnectionImpl.java:2014)
	at com.mysql.jdbc.ConnectionImpl.<init>(ConnectionImpl.java:776)
	at com.mysql.jdbc.JDBC4Connection.<init>(JDBC4Connection.java:47)
	at sun.reflect.NativeConstructorAccessorImpl.newInstance0(Native Method)
	at sun.reflect.NativeConstructorAccessorImpl.newInstance(NativeConstructorAccessorImpl.java:62)
	at sun.reflect.DelegatingConstructorAccessorImpl.newInstance(DelegatingConstructorAccessorImpl.java:45)
	at java.lang.reflect.Constructor.newInstance(Constructor.java:423)
	at com.mysql.jdbc.Util.handleNewInstance(Util.java:425)
	at com.mysql.jdbc.ConnectionImpl.getInstance(ConnectionImpl.java:386)
	at com.mysql.jdbc.NonRegisteringDriver.connect(NonRegisteringDriver.java:330)
	at java.sql.DriverManager.getConnection(DriverManager.java:664)
	at java.sql.DriverManager.getConnection(DriverManager.java:247)
	at org.wso2.OpenPatchInformation.PmtData.AccessPMT.getJiraIssuesInBothPMTAndJira(AccessPMT.java:46)
	at org.wso2.OpenPatchInformation.Main.executeProcess(Main.java:80)
	at org.wso2.OpenPatchInformation.Main.main(Main.java:47)
Caused by: java.net.NoRouteToHostException: No route to host (Host unreachable)
	at java.net.PlainSocketImpl.socketConnect(Native Method)
	at java.net.AbstractPlainSocketImpl.doConnect(AbstractPlainSocketImpl.java:350)
	at java.net.AbstractPlainSocketImpl.connectToAddress(AbstractPlainSocketImpl.java:206)
	at java.net.AbstractPlainSocketImpl.connect(AbstractPlainSocketImpl.java:188)
	at java.net.SocksSocketImpl.connect(SocksSocketImpl.java:392)
	at java.net.Socket.connect(Socket.java:589)
	at com.mysql.jdbc.StandardSocketFactory.connect(StandardSocketFactory.java:211)
	at com.mysql.jdbc.MysqlIO.<init>(MysqlIO.java:300)
	... 17 more
2018-05-16 20:46:58 ERROR Main:49 - Mail on customer related Jira issues not sent successfully
org.wso2.OpenPatchInformation.Exceptions.PmtExceptions.AccessingPmtException: Failed to connect to the Pmtdb
	at org.wso2.OpenPatchInformation.PmtData.AccessPMT.getJiraIssuesInBothPMTAndJira(AccessPMT.java:74)
	at org.wso2.OpenPatchInformation.Main.executeProcess(Main.java:80)
	at org.wso2.OpenPatchInformation.Main.main(Main.java:47)
Caused by: com.mysql.jdbc.exceptions.jdbc4.CommunicationsException: Communications link failure

The last packet sent successfully to the server was 0 milliseconds ago. The driver has not received any packets from the server.
	at sun.reflect.NativeConstructorAccessorImpl.newInstance0(Native Method)
	at sun.reflect.NativeConstructorAccessorImpl.newInstance(NativeConstructorAccessorImpl.java:62)
	at sun.reflect.DelegatingConstructorAccessorImpl.newInstance(DelegatingConstructorAccessorImpl.java:45)
	at java.lang.reflect.Constructor.newInstance(Constructor.java:423)
	at com.mysql.jdbc.Util.handleNewInstance(Util.java:425)
	at com.mysql.jdbc.SQLError.createCommunicationsException(SQLError.java:990)
	at com.mysql.jdbc.MysqlIO.<init>(MysqlIO.java:341)
	at com.mysql.jdbc.ConnectionImpl.coreConnect(ConnectionImpl.java:2186)
	at com.mysql.jdbc.ConnectionImpl.connectOneTryOnly(ConnectionImpl.java:2219)
	at com.mysql.jdbc.ConnectionImpl.createNewIO(ConnectionImpl.java:2014)
	at com.mysql.jdbc.ConnectionImpl.<init>(ConnectionImpl.java:776)
	at com.mysql.jdbc.JDBC4Connection.<init>(JDBC4Connection.java:47)
	at sun.reflect.NativeConstructorAccessorImpl.newInstance0(Native Method)
	at sun.reflect.NativeConstructorAccessorImpl.newInstance(NativeConstructorAccessorImpl.java:62)
	at sun.reflect.DelegatingConstructorAccessorImpl.newInstance(DelegatingConstructorAccessorImpl.java:45)
	at java.lang.reflect.Constructor.newInstance(Constructor.java:423)
	at com.mysql.jdbc.Util.handleNewInstance(Util.java:425)
	at com.mysql.jdbc.ConnectionImpl.getInstance(ConnectionImpl.java:386)
	at com.mysql.jdbc.NonRegisteringDriver.connect(NonRegisteringDriver.java:330)
	at java.sql.DriverManager.getConnection(DriverManager.java:664)
	at java.sql.DriverManager.getConnection(DriverManager.java:247)
	at org.wso2.OpenPatchInformation.PmtData.AccessPMT.getJiraIssuesInBothPMTAndJira(AccessPMT.java:46)
	... 2 more
Caused by: java.net.NoRouteToHostException: No route to host (Host unreachable)
	at java.net.PlainSocketImpl.socketConnect(Native Method)
	at java.net.AbstractPlainSocketImpl.doConnect(AbstractPlainSocketImpl.java:350)
	at java.net.AbstractPlainSocketImpl.connectToAddress(AbstractPlainSocketImpl.java:206)
	at java.net.AbstractPlainSocketImpl.connect(AbstractPlainSocketImpl.java:188)
	at java.net.SocksSocketImpl.connect(SocksSocketImpl.java:392)
	at java.net.Socket.connect(Socket.java:589)
	at com.mysql.jdbc.StandardSocketFactory.connect(StandardSocketFactory.java:211)
	at com.mysql.jdbc.MysqlIO.<init>(MysqlIO.java:300)
	... 17 more
2018-05-16 21:24:04 INFO  Main:75 - Executing process for: Internal Jira issues.
2018-05-16 21:24:11 WARN  AccessJira:101 - Could not 
2018-05-16 21:24:11 WARN  AccessJira:101 - Could not 
2018-05-16 21:24:11 WARN  AccessJira:101 - Could not 
2018-05-16 21:24:11 WARN  AccessJira:101 - Could not 
2018-05-16 21:24:11 WARN  AccessJira:101 - Could not 
2018-05-16 21:24:11 WARN  AccessJira:101 - Could not 
2018-05-16 21:24:11 WARN  AccessJira:101 - Could not 
2018-05-16 21:24:11 WARN  AccessJira:101 - Could not 
2018-05-16 21:24:11 WARN  AccessJira:101 - Could not 
2018-05-16 21:24:11 WARN  AccessJira:101 - Could not 
2018-05-16 21:24:11 WARN  AccessJira:101 - Could not 
2018-05-16 21:24:11 WARN  AccessJira:101 - Could not 
2018-05-16 21:24:11 WARN  AccessJira:101 - Could not 
2018-05-16 21:24:11 WARN  AccessJira:101 - Could not 
2018-05-16 21:24:11 WARN  AccessJira:101 - Could not 
2018-05-16 21:24:11 WARN  AccessJira:101 - Could not 
2018-05-16 21:24:11 WARN  AccessJira:101 - Could not 
2018-05-16 21:24:11 WARN  AccessJira:101 - Could not 
2018-05-16 21:24:11 WARN  AccessJira:101 - Could not 
2018-05-16 21:24:11 WARN  AccessJira:101 - Could not 
2018-05-16 21:24:11 WARN  AccessJira:101 - Could not 
2018-05-16 21:24:11 WARN  AccessJira:101 - Could not 
2018-05-16 21:24:11 WARN  AccessJira:101 - Could not 
2018-05-16 21:24:11 WARN  AccessJira:101 - Could not 
2018-05-16 21:24:11 WARN  AccessJira:101 - Could not 
2018-05-16 21:24:11 WARN  AccessJira:101 - Could not 
2018-05-16 21:24:11 WARN  AccessJira:101 - Could not 
2018-05-16 21:24:11 WARN  AccessJira:101 - Could not 
2018-05-16 21:24:11 WARN  AccessJira:101 - Could not 
2018-05-16 21:24:11 WARN  AccessJira:101 - Could not 
2018-05-16 21:24:11 WARN  AccessJira:101 - Could not 
2018-05-16 21:24:11 WARN  AccessJira:101 - Could not 
2018-05-16 21:24:11 WARN  AccessJira:101 - Could not 
2018-05-16 21:24:11 WARN  AccessJira:101 - Could not 
2018-05-16 21:24:11 WARN  AccessJira:101 - Could not 
2018-05-16 21:24:11 INFO  AccessJira:116 - Jira issues successfully extracted from Jira.
2018-05-16 21:24:14 ERROR AccessPMT:73 - Failed to connect to the Pmtdb
com.mysql.jdbc.exceptions.jdbc4.CommunicationsException: Communications link failure

The last packet sent successfully to the server was 0 milliseconds ago. The driver has not received any packets from the server.
	at sun.reflect.NativeConstructorAccessorImpl.newInstance0(Native Method)
	at sun.reflect.NativeConstructorAccessorImpl.newInstance(NativeConstructorAccessorImpl.java:62)
	at sun.reflect.DelegatingConstructorAccessorImpl.newInstance(DelegatingConstructorAccessorImpl.java:45)
	at java.lang.reflect.Constructor.newInstance(Constructor.java:423)
	at com.mysql.jdbc.Util.handleNewInstance(Util.java:425)
	at com.mysql.jdbc.SQLError.createCommunicationsException(SQLError.java:990)
	at com.mysql.jdbc.MysqlIO.<init>(MysqlIO.java:341)
	at com.mysql.jdbc.ConnectionImpl.coreConnect(ConnectionImpl.java:2186)
	at com.mysql.jdbc.ConnectionImpl.connectOneTryOnly(ConnectionImpl.java:2219)
	at com.mysql.jdbc.ConnectionImpl.createNewIO(ConnectionImpl.java:2014)
	at com.mysql.jdbc.ConnectionImpl.<init>(ConnectionImpl.java:776)
	at com.mysql.jdbc.JDBC4Connection.<init>(JDBC4Connection.java:47)
	at sun.reflect.NativeConstructorAccessorImpl.newInstance0(Native Method)
	at sun.reflect.NativeConstructorAccessorImpl.newInstance(NativeConstructorAccessorImpl.java:62)
	at sun.reflect.DelegatingConstructorAccessorImpl.newInstance(DelegatingConstructorAccessorImpl.java:45)
	at java.lang.reflect.Constructor.newInstance(Constructor.java:423)
	at com.mysql.jdbc.Util.handleNewInstance(Util.java:425)
	at com.mysql.jdbc.ConnectionImpl.getInstance(ConnectionImpl.java:386)
	at com.mysql.jdbc.NonRegisteringDriver.connect(NonRegisteringDriver.java:330)
	at java.sql.DriverManager.getConnection(DriverManager.java:664)
	at java.sql.DriverManager.getConnection(DriverManager.java:247)
	at org.wso2.OpenPatchInformation.PmtData.AccessPMT.getJiraIssuesInBothPMTAndJira(AccessPMT.java:46)
	at org.wso2.OpenPatchInformation.Main.executeProcess(Main.java:80)
	at org.wso2.OpenPatchInformation.Main.main(Main.java:42)
Caused by: java.net.NoRouteToHostException: No route to host (Host unreachable)
	at java.net.PlainSocketImpl.socketConnect(Native Method)
	at java.net.AbstractPlainSocketImpl.doConnect(AbstractPlainSocketImpl.java:350)
	at java.net.AbstractPlainSocketImpl.connectToAddress(AbstractPlainSocketImpl.java:206)
	at java.net.AbstractPlainSocketImpl.connect(AbstractPlainSocketImpl.java:188)
	at java.net.SocksSocketImpl.connect(SocksSocketImpl.java:392)
	at java.net.Socket.connect(Socket.java:589)
	at com.mysql.jdbc.StandardSocketFactory.connect(StandardSocketFactory.java:211)
	at com.mysql.jdbc.MysqlIO.<init>(MysqlIO.java:300)
	... 17 more
2018-05-16 21:24:14 ERROR Main:44 - Mail on internal Jira issues not sent successfully
org.wso2.OpenPatchInformation.Exceptions.PmtExceptions.AccessingPmtException: Failed to connect to the Pmtdb
	at org.wso2.OpenPatchInformation.PmtData.AccessPMT.getJiraIssuesInBothPMTAndJira(AccessPMT.java:74)
	at org.wso2.OpenPatchInformation.Main.executeProcess(Main.java:80)
	at org.wso2.OpenPatchInformation.Main.main(Main.java:42)
Caused by: com.mysql.jdbc.exceptions.jdbc4.CommunicationsException: Communications link failure

The last packet sent successfully to the server was 0 milliseconds ago. The driver has not received any packets from the server.
	at sun.reflect.NativeConstructorAccessorImpl.newInstance0(Native Method)
	at sun.reflect.NativeConstructorAccessorImpl.newInstance(NativeConstructorAccessorImpl.java:62)
	at sun.reflect.DelegatingConstructorAccessorImpl.newInstance(DelegatingConstructorAccessorImpl.java:45)
	at java.lang.reflect.Constructor.newInstance(Constructor.java:423)
	at com.mysql.jdbc.Util.handleNewInstance(Util.java:425)
	at com.mysql.jdbc.SQLError.createCommunicationsException(SQLError.java:990)
	at com.mysql.jdbc.MysqlIO.<init>(MysqlIO.java:341)
	at com.mysql.jdbc.ConnectionImpl.coreConnect(ConnectionImpl.java:2186)
	at com.mysql.jdbc.ConnectionImpl.connectOneTryOnly(ConnectionImpl.java:2219)
	at com.mysql.jdbc.ConnectionImpl.createNewIO(ConnectionImpl.java:2014)
	at com.mysql.jdbc.ConnectionImpl.<init>(ConnectionImpl.java:776)
	at com.mysql.jdbc.JDBC4Connection.<init>(JDBC4Connection.java:47)
	at sun.reflect.NativeConstructorAccessorImpl.newInstance0(Native Method)
	at sun.reflect.NativeConstructorAccessorImpl.newInstance(NativeConstructorAccessorImpl.java:62)
	at sun.reflect.DelegatingConstructorAccessorImpl.newInstance(DelegatingConstructorAccessorImpl.java:45)
	at java.lang.reflect.Constructor.newInstance(Constructor.java:423)
	at com.mysql.jdbc.Util.handleNewInstance(Util.java:425)
	at com.mysql.jdbc.ConnectionImpl.getInstance(ConnectionImpl.java:386)
	at com.mysql.jdbc.NonRegisteringDriver.connect(NonRegisteringDriver.java:330)
	at java.sql.DriverManager.getConnection(DriverManager.java:664)
	at java.sql.DriverManager.getConnection(DriverManager.java:247)
	at org.wso2.OpenPatchInformation.PmtData.AccessPMT.getJiraIssuesInBothPMTAndJira(AccessPMT.java:46)
	... 2 more
Caused by: java.net.NoRouteToHostException: No route to host (Host unreachable)
	at java.net.PlainSocketImpl.socketConnect(Native Method)
	at java.net.AbstractPlainSocketImpl.doConnect(AbstractPlainSocketImpl.java:350)
	at java.net.AbstractPlainSocketImpl.connectToAddress(AbstractPlainSocketImpl.java:206)
	at java.net.AbstractPlainSocketImpl.connect(AbstractPlainSocketImpl.java:188)
	at java.net.SocksSocketImpl.connect(SocksSocketImpl.java:392)
	at java.net.Socket.connect(Socket.java:589)
	at com.mysql.jdbc.StandardSocketFactory.connect(StandardSocketFactory.java:211)
	at com.mysql.jdbc.MysqlIO.<init>(MysqlIO.java:300)
	... 17 more
2018-05-16 21:24:14 INFO  Main:70 - Executing process for: Customer related Jira issues.
2018-05-16 21:24:24 WARN  AccessJira:101 - Could not 
2018-05-16 21:24:24 WARN  AccessJira:101 - Could not 
2018-05-16 21:24:24 WARN  AccessJira:101 - Could not 
2018-05-16 21:24:24 WARN  AccessJira:101 - Could not 
2018-05-16 21:24:24 WARN  AccessJira:101 - Could not 
2018-05-16 21:24:24 WARN  AccessJira:101 - Could not 
2018-05-16 21:24:24 WARN  AccessJira:101 - Could not 
2018-05-16 21:24:24 WARN  AccessJira:101 - Could not 
2018-05-16 21:24:24 WARN  AccessJira:101 - Could not 
2018-05-16 21:24:24 WARN  AccessJira:101 - Could not 
2018-05-16 21:24:24 WARN  AccessJira:101 - Could not 
2018-05-16 21:24:24 WARN  AccessJira:101 - Could not 
2018-05-16 21:24:24 WARN  AccessJira:101 - Could not 
2018-05-16 21:24:24 WARN  AccessJira:101 - Could not 
2018-05-16 21:24:24 WARN  AccessJira:101 - Could not 
2018-05-16 21:24:24 WARN  AccessJira:101 - Could not 
2018-05-16 21:24:24 WARN  AccessJira:101 - Could not 
2018-05-16 21:24:24 WARN  AccessJira:101 - Could not 
2018-05-16 21:24:24 WARN  AccessJira:101 - Could not 
2018-05-16 21:24:24 WARN  AccessJira:101 - Could not 
2018-05-16 21:24:24 INFO  AccessJira:116 - Jira issues successfully extracted from Jira.
2018-05-16 21:24:27 ERROR AccessPMT:73 - Failed to connect to the Pmtdb
com.mysql.jdbc.exceptions.jdbc4.CommunicationsException: Communications link failure

The last packet sent successfully to the server was 0 milliseconds ago. The driver has not received any packets from the server.
	at sun.reflect.NativeConstructorAccessorImpl.newInstance0(Native Method)
	at sun.reflect.NativeConstructorAccessorImpl.newInstance(NativeConstructorAccessorImpl.java:62)
	at sun.reflect.DelegatingConstructorAccessorImpl.newInstance(DelegatingConstructorAccessorImpl.java:45)
	at java.lang.reflect.Constructor.newInstance(Constructor.java:423)
	at com.mysql.jdbc.Util.handleNewInstance(Util.java:425)
	at com.mysql.jdbc.SQLError.createCommunicationsException(SQLError.java:990)
	at com.mysql.jdbc.MysqlIO.<init>(MysqlIO.java:341)
	at com.mysql.jdbc.ConnectionImpl.coreConnect(ConnectionImpl.java:2186)
	at com.mysql.jdbc.ConnectionImpl.connectOneTryOnly(ConnectionImpl.java:2219)
	at com.mysql.jdbc.ConnectionImpl.createNewIO(ConnectionImpl.java:2014)
	at com.mysql.jdbc.ConnectionImpl.<init>(ConnectionImpl.java:776)
	at com.mysql.jdbc.JDBC4Connection.<init>(JDBC4Connection.java:47)
	at sun.reflect.NativeConstructorAccessorImpl.newInstance0(Native Method)
	at sun.reflect.NativeConstructorAccessorImpl.newInstance(NativeConstructorAccessorImpl.java:62)
	at sun.reflect.DelegatingConstructorAccessorImpl.newInstance(DelegatingConstructorAccessorImpl.java:45)
	at java.lang.reflect.Constructor.newInstance(Constructor.java:423)
	at com.mysql.jdbc.Util.handleNewInstance(Util.java:425)
	at com.mysql.jdbc.ConnectionImpl.getInstance(ConnectionImpl.java:386)
	at com.mysql.jdbc.NonRegisteringDriver.connect(NonRegisteringDriver.java:330)
	at java.sql.DriverManager.getConnection(DriverManager.java:664)
	at java.sql.DriverManager.getConnection(DriverManager.java:247)
	at org.wso2.OpenPatchInformation.PmtData.AccessPMT.getJiraIssuesInBothPMTAndJira(AccessPMT.java:46)
	at org.wso2.OpenPatchInformation.Main.executeProcess(Main.java:80)
	at org.wso2.OpenPatchInformation.Main.main(Main.java:47)
Caused by: java.net.NoRouteToHostException: No route to host (Host unreachable)
	at java.net.PlainSocketImpl.socketConnect(Native Method)
	at java.net.AbstractPlainSocketImpl.doConnect(AbstractPlainSocketImpl.java:350)
	at java.net.AbstractPlainSocketImpl.connectToAddress(AbstractPlainSocketImpl.java:206)
	at java.net.AbstractPlainSocketImpl.connect(AbstractPlainSocketImpl.java:188)
	at java.net.SocksSocketImpl.connect(SocksSocketImpl.java:392)
	at java.net.Socket.connect(Socket.java:589)
	at com.mysql.jdbc.StandardSocketFactory.connect(StandardSocketFactory.java:211)
	at com.mysql.jdbc.MysqlIO.<init>(MysqlIO.java:300)
	... 17 more
2018-05-16 21:24:27 ERROR Main:49 - Mail on customer related Jira issues not sent successfully
org.wso2.OpenPatchInformation.Exceptions.PmtExceptions.AccessingPmtException: Failed to connect to the Pmtdb
	at org.wso2.OpenPatchInformation.PmtData.AccessPMT.getJiraIssuesInBothPMTAndJira(AccessPMT.java:74)
	at org.wso2.OpenPatchInformation.Main.executeProcess(Main.java:80)
	at org.wso2.OpenPatchInformation.Main.main(Main.java:47)
Caused by: com.mysql.jdbc.exceptions.jdbc4.CommunicationsException: Communications link failure

The last packet sent successfully to the server was 0 milliseconds ago. The driver has not received any packets from the server.
	at sun.reflect.NativeConstructorAccessorImpl.newInstance0(Native Method)
	at sun.reflect.NativeConstructorAccessorImpl.newInstance(NativeConstructorAccessorImpl.java:62)
	at sun.reflect.DelegatingConstructorAccessorImpl.newInstance(DelegatingConstructorAccessorImpl.java:45)
	at java.lang.reflect.Constructor.newInstance(Constructor.java:423)
	at com.mysql.jdbc.Util.handleNewInstance(Util.java:425)
	at com.mysql.jdbc.SQLError.createCommunicationsException(SQLError.java:990)
	at com.mysql.jdbc.MysqlIO.<init>(MysqlIO.java:341)
	at com.mysql.jdbc.ConnectionImpl.coreConnect(ConnectionImpl.java:2186)
	at com.mysql.jdbc.ConnectionImpl.connectOneTryOnly(ConnectionImpl.java:2219)
	at com.mysql.jdbc.ConnectionImpl.createNewIO(ConnectionImpl.java:2014)
	at com.mysql.jdbc.ConnectionImpl.<init>(ConnectionImpl.java:776)
	at com.mysql.jdbc.JDBC4Connection.<init>(JDBC4Connection.java:47)
	at sun.reflect.NativeConstructorAccessorImpl.newInstance0(Native Method)
	at sun.reflect.NativeConstructorAccessorImpl.newInstance(NativeConstructorAccessorImpl.java:62)
	at sun.reflect.DelegatingConstructorAccessorImpl.newInstance(DelegatingConstructorAccessorImpl.java:45)
	at java.lang.reflect.Constructor.newInstance(Constructor.java:423)
	at com.mysql.jdbc.Util.handleNewInstance(Util.java:425)
	at com.mysql.jdbc.ConnectionImpl.getInstance(ConnectionImpl.java:386)
	at com.mysql.jdbc.NonRegisteringDriver.connect(NonRegisteringDriver.java:330)
	at java.sql.DriverManager.getConnection(DriverManager.java:664)
	at java.sql.DriverManager.getConnection(DriverManager.java:247)
	at org.wso2.OpenPatchInformation.PmtData.AccessPMT.getJiraIssuesInBothPMTAndJira(AccessPMT.java:46)
	... 2 more
Caused by: java.net.NoRouteToHostException: No route to host (Host unreachable)
	at java.net.PlainSocketImpl.socketConnect(Native Method)
	at java.net.AbstractPlainSocketImpl.doConnect(AbstractPlainSocketImpl.java:350)
	at java.net.AbstractPlainSocketImpl.connectToAddress(AbstractPlainSocketImpl.java:206)
	at java.net.AbstractPlainSocketImpl.connect(AbstractPlainSocketImpl.java:188)
	at java.net.SocksSocketImpl.connect(SocksSocketImpl.java:392)
	at java.net.Socket.connect(Socket.java:589)
	at com.mysql.jdbc.StandardSocketFactory.connect(StandardSocketFactory.java:211)
	at com.mysql.jdbc.MysqlIO.<init>(MysqlIO.java:300)
	... 17 more
2018-05-16 21:25:12 INFO  Main:75 - Executing process for: Internal Jira issues.
2018-05-16 21:25:19 INFO  AccessJira:116 - Jira issues successfully extracted from Jira.
2018-05-16 21:25:22 ERROR AccessPMT:73 - Failed to connect to the Pmtdb
com.mysql.jdbc.exceptions.jdbc4.CommunicationsException: Communications link failure

The last packet sent successfully to the server was 0 milliseconds ago. The driver has not received any packets from the server.
	at sun.reflect.NativeConstructorAccessorImpl.newInstance0(Native Method)
	at sun.reflect.NativeConstructorAccessorImpl.newInstance(NativeConstructorAccessorImpl.java:62)
	at sun.reflect.DelegatingConstructorAccessorImpl.newInstance(DelegatingConstructorAccessorImpl.java:45)
	at java.lang.reflect.Constructor.newInstance(Constructor.java:423)
	at com.mysql.jdbc.Util.handleNewInstance(Util.java:425)
	at com.mysql.jdbc.SQLError.createCommunicationsException(SQLError.java:990)
	at com.mysql.jdbc.MysqlIO.<init>(MysqlIO.java:341)
	at com.mysql.jdbc.ConnectionImpl.coreConnect(ConnectionImpl.java:2186)
	at com.mysql.jdbc.ConnectionImpl.connectOneTryOnly(ConnectionImpl.java:2219)
	at com.mysql.jdbc.ConnectionImpl.createNewIO(ConnectionImpl.java:2014)
	at com.mysql.jdbc.ConnectionImpl.<init>(ConnectionImpl.java:776)
	at com.mysql.jdbc.JDBC4Connection.<init>(JDBC4Connection.java:47)
	at sun.reflect.NativeConstructorAccessorImpl.newInstance0(Native Method)
	at sun.reflect.NativeConstructorAccessorImpl.newInstance(NativeConstructorAccessorImpl.java:62)
	at sun.reflect.DelegatingConstructorAccessorImpl.newInstance(DelegatingConstructorAccessorImpl.java:45)
	at java.lang.reflect.Constructor.newInstance(Constructor.java:423)
	at com.mysql.jdbc.Util.handleNewInstance(Util.java:425)
	at com.mysql.jdbc.ConnectionImpl.getInstance(ConnectionImpl.java:386)
	at com.mysql.jdbc.NonRegisteringDriver.connect(NonRegisteringDriver.java:330)
	at java.sql.DriverManager.getConnection(DriverManager.java:664)
	at java.sql.DriverManager.getConnection(DriverManager.java:247)
	at org.wso2.OpenPatchInformation.PmtData.AccessPMT.getJiraIssuesInBothPMTAndJira(AccessPMT.java:46)
	at org.wso2.OpenPatchInformation.Main.executeProcess(Main.java:80)
	at org.wso2.OpenPatchInformation.Main.main(Main.java:42)
Caused by: java.net.NoRouteToHostException: No route to host (Host unreachable)
	at java.net.PlainSocketImpl.socketConnect(Native Method)
	at java.net.AbstractPlainSocketImpl.doConnect(AbstractPlainSocketImpl.java:350)
	at java.net.AbstractPlainSocketImpl.connectToAddress(AbstractPlainSocketImpl.java:206)
	at java.net.AbstractPlainSocketImpl.connect(AbstractPlainSocketImpl.java:188)
	at java.net.SocksSocketImpl.connect(SocksSocketImpl.java:392)
	at java.net.Socket.connect(Socket.java:589)
	at com.mysql.jdbc.StandardSocketFactory.connect(StandardSocketFactory.java:211)
	at com.mysql.jdbc.MysqlIO.<init>(MysqlIO.java:300)
	... 17 more
2018-05-16 21:25:22 ERROR Main:44 - Mail on internal Jira issues not sent successfully
org.wso2.OpenPatchInformation.Exceptions.PmtExceptions.AccessingPmtException: Failed to connect to the Pmtdb
	at org.wso2.OpenPatchInformation.PmtData.AccessPMT.getJiraIssuesInBothPMTAndJira(AccessPMT.java:74)
	at org.wso2.OpenPatchInformation.Main.executeProcess(Main.java:80)
	at org.wso2.OpenPatchInformation.Main.main(Main.java:42)
Caused by: com.mysql.jdbc.exceptions.jdbc4.CommunicationsException: Communications link failure

The last packet sent successfully to the server was 0 milliseconds ago. The driver has not received any packets from the server.
	at sun.reflect.NativeConstructorAccessorImpl.newInstance0(Native Method)
	at sun.reflect.NativeConstructorAccessorImpl.newInstance(NativeConstructorAccessorImpl.java:62)
	at sun.reflect.DelegatingConstructorAccessorImpl.newInstance(DelegatingConstructorAccessorImpl.java:45)
	at java.lang.reflect.Constructor.newInstance(Constructor.java:423)
	at com.mysql.jdbc.Util.handleNewInstance(Util.java:425)
	at com.mysql.jdbc.SQLError.createCommunicationsException(SQLError.java:990)
	at com.mysql.jdbc.MysqlIO.<init>(MysqlIO.java:341)
	at com.mysql.jdbc.ConnectionImpl.coreConnect(ConnectionImpl.java:2186)
	at com.mysql.jdbc.ConnectionImpl.connectOneTryOnly(ConnectionImpl.java:2219)
	at com.mysql.jdbc.ConnectionImpl.createNewIO(ConnectionImpl.java:2014)
	at com.mysql.jdbc.ConnectionImpl.<init>(ConnectionImpl.java:776)
	at com.mysql.jdbc.JDBC4Connection.<init>(JDBC4Connection.java:47)
	at sun.reflect.NativeConstructorAccessorImpl.newInstance0(Native Method)
	at sun.reflect.NativeConstructorAccessorImpl.newInstance(NativeConstructorAccessorImpl.java:62)
	at sun.reflect.DelegatingConstructorAccessorImpl.newInstance(DelegatingConstructorAccessorImpl.java:45)
	at java.lang.reflect.Constructor.newInstance(Constructor.java:423)
	at com.mysql.jdbc.Util.handleNewInstance(Util.java:425)
	at com.mysql.jdbc.ConnectionImpl.getInstance(ConnectionImpl.java:386)
	at com.mysql.jdbc.NonRegisteringDriver.connect(NonRegisteringDriver.java:330)
	at java.sql.DriverManager.getConnection(DriverManager.java:664)
	at java.sql.DriverManager.getConnection(DriverManager.java:247)
	at org.wso2.OpenPatchInformation.PmtData.AccessPMT.getJiraIssuesInBothPMTAndJira(AccessPMT.java:46)
	... 2 more
Caused by: java.net.NoRouteToHostException: No route to host (Host unreachable)
	at java.net.PlainSocketImpl.socketConnect(Native Method)
	at java.net.AbstractPlainSocketImpl.doConnect(AbstractPlainSocketImpl.java:350)
	at java.net.AbstractPlainSocketImpl.connectToAddress(AbstractPlainSocketImpl.java:206)
	at java.net.AbstractPlainSocketImpl.connect(AbstractPlainSocketImpl.java:188)
	at java.net.SocksSocketImpl.connect(SocksSocketImpl.java:392)
	at java.net.Socket.connect(Socket.java:589)
	at com.mysql.jdbc.StandardSocketFactory.connect(StandardSocketFactory.java:211)
	at com.mysql.jdbc.MysqlIO.<init>(MysqlIO.java:300)
	... 17 more
2018-05-16 21:25:22 INFO  Main:70 - Executing process for: Customer related Jira issues.
2018-05-16 21:25:26 INFO  AccessJira:116 - Jira issues successfully extracted from Jira.
2018-05-16 21:25:29 ERROR AccessPMT:73 - Failed to connect to the Pmtdb
com.mysql.jdbc.exceptions.jdbc4.CommunicationsException: Communications link failure

The last packet sent successfully to the server was 0 milliseconds ago. The driver has not received any packets from the server.
	at sun.reflect.NativeConstructorAccessorImpl.newInstance0(Native Method)
	at sun.reflect.NativeConstructorAccessorImpl.newInstance(NativeConstructorAccessorImpl.java:62)
	at sun.reflect.DelegatingConstructorAccessorImpl.newInstance(DelegatingConstructorAccessorImpl.java:45)
	at java.lang.reflect.Constructor.newInstance(Constructor.java:423)
	at com.mysql.jdbc.Util.handleNewInstance(Util.java:425)
	at com.mysql.jdbc.SQLError.createCommunicationsException(SQLError.java:990)
	at com.mysql.jdbc.MysqlIO.<init>(MysqlIO.java:341)
	at com.mysql.jdbc.ConnectionImpl.coreConnect(ConnectionImpl.java:2186)
	at com.mysql.jdbc.ConnectionImpl.connectOneTryOnly(ConnectionImpl.java:2219)
	at com.mysql.jdbc.ConnectionImpl.createNewIO(ConnectionImpl.java:2014)
	at com.mysql.jdbc.ConnectionImpl.<init>(ConnectionImpl.java:776)
	at com.mysql.jdbc.JDBC4Connection.<init>(JDBC4Connection.java:47)
	at sun.reflect.NativeConstructorAccessorImpl.newInstance0(Native Method)
	at sun.reflect.NativeConstructorAccessorImpl.newInstance(NativeConstructorAccessorImpl.java:62)
	at sun.reflect.DelegatingConstructorAccessorImpl.newInstance(DelegatingConstructorAccessorImpl.java:45)
	at java.lang.reflect.Constructor.newInstance(Constructor.java:423)
	at com.mysql.jdbc.Util.handleNewInstance(Util.java:425)
	at com.mysql.jdbc.ConnectionImpl.getInstance(ConnectionImpl.java:386)
	at com.mysql.jdbc.NonRegisteringDriver.connect(NonRegisteringDriver.java:330)
	at java.sql.DriverManager.getConnection(DriverManager.java:664)
	at java.sql.DriverManager.getConnection(DriverManager.java:247)
	at org.wso2.OpenPatchInformation.PmtData.AccessPMT.getJiraIssuesInBothPMTAndJira(AccessPMT.java:46)
	at org.wso2.OpenPatchInformation.Main.executeProcess(Main.java:80)
	at org.wso2.OpenPatchInformation.Main.main(Main.java:47)
Caused by: java.net.NoRouteToHostException: No route to host (Host unreachable)
	at java.net.PlainSocketImpl.socketConnect(Native Method)
	at java.net.AbstractPlainSocketImpl.doConnect(AbstractPlainSocketImpl.java:350)
	at java.net.AbstractPlainSocketImpl.connectToAddress(AbstractPlainSocketImpl.java:206)
	at java.net.AbstractPlainSocketImpl.connect(AbstractPlainSocketImpl.java:188)
	at java.net.SocksSocketImpl.connect(SocksSocketImpl.java:392)
	at java.net.Socket.connect(Socket.java:589)
	at com.mysql.jdbc.StandardSocketFactory.connect(StandardSocketFactory.java:211)
	at com.mysql.jdbc.MysqlIO.<init>(MysqlIO.java:300)
	... 17 more
2018-05-16 21:25:29 ERROR Main:49 - Mail on customer related Jira issues not sent successfully
org.wso2.OpenPatchInformation.Exceptions.PmtExceptions.AccessingPmtException: Failed to connect to the Pmtdb
	at org.wso2.OpenPatchInformation.PmtData.AccessPMT.getJiraIssuesInBothPMTAndJira(AccessPMT.java:74)
	at org.wso2.OpenPatchInformation.Main.executeProcess(Main.java:80)
	at org.wso2.OpenPatchInformation.Main.main(Main.java:47)
Caused by: com.mysql.jdbc.exceptions.jdbc4.CommunicationsException: Communications link failure

The last packet sent successfully to the server was 0 milliseconds ago. The driver has not received any packets from the server.
	at sun.reflect.NativeConstructorAccessorImpl.newInstance0(Native Method)
	at sun.reflect.NativeConstructorAccessorImpl.newInstance(NativeConstructorAccessorImpl.java:62)
	at sun.reflect.DelegatingConstructorAccessorImpl.newInstance(DelegatingConstructorAccessorImpl.java:45)
	at java.lang.reflect.Constructor.newInstance(Constructor.java:423)
	at com.mysql.jdbc.Util.handleNewInstance(Util.java:425)
	at com.mysql.jdbc.SQLError.createCommunicationsException(SQLError.java:990)
	at com.mysql.jdbc.MysqlIO.<init>(MysqlIO.java:341)
	at com.mysql.jdbc.ConnectionImpl.coreConnect(ConnectionImpl.java:2186)
	at com.mysql.jdbc.ConnectionImpl.connectOneTryOnly(ConnectionImpl.java:2219)
	at com.mysql.jdbc.ConnectionImpl.createNewIO(ConnectionImpl.java:2014)
	at com.mysql.jdbc.ConnectionImpl.<init>(ConnectionImpl.java:776)
	at com.mysql.jdbc.JDBC4Connection.<init>(JDBC4Connection.java:47)
	at sun.reflect.NativeConstructorAccessorImpl.newInstance0(Native Method)
	at sun.reflect.NativeConstructorAccessorImpl.newInstance(NativeConstructorAccessorImpl.java:62)
	at sun.reflect.DelegatingConstructorAccessorImpl.newInstance(DelegatingConstructorAccessorImpl.java:45)
	at java.lang.reflect.Constructor.newInstance(Constructor.java:423)
	at com.mysql.jdbc.Util.handleNewInstance(Util.java:425)
	at com.mysql.jdbc.ConnectionImpl.getInstance(ConnectionImpl.java:386)
	at com.mysql.jdbc.NonRegisteringDriver.connect(NonRegisteringDriver.java:330)
	at java.sql.DriverManager.getConnection(DriverManager.java:664)
	at java.sql.DriverManager.getConnection(DriverManager.java:247)
	at org.wso2.OpenPatchInformation.PmtData.AccessPMT.getJiraIssuesInBothPMTAndJira(AccessPMT.java:46)
	... 2 more
Caused by: java.net.NoRouteToHostException: No route to host (Host unreachable)
	at java.net.PlainSocketImpl.socketConnect(Native Method)
	at java.net.AbstractPlainSocketImpl.doConnect(AbstractPlainSocketImpl.java:350)
	at java.net.AbstractPlainSocketImpl.connectToAddress(AbstractPlainSocketImpl.java:206)
	at java.net.AbstractPlainSocketImpl.connect(AbstractPlainSocketImpl.java:188)
	at java.net.SocksSocketImpl.connect(SocksSocketImpl.java:392)
	at java.net.Socket.connect(Socket.java:589)
	at com.mysql.jdbc.StandardSocketFactory.connect(StandardSocketFactory.java:211)
	at com.mysql.jdbc.MysqlIO.<init>(MysqlIO.java:300)
	... 17 more
2018-05-16 21:29:58 INFO  Main:75 - Executing process for: Internal Jira issues.
2018-05-16 21:30:04 ERROR AccessJira:101 - Failed to extract jira issue's field data
java.lang.NullPointerException
	at org.wso2.OpenPatchInformation.JiraData.AccessJira.getJirasIssuesIn(AccessJira.java:98)
	at org.wso2.OpenPatchInformation.JiraData.AccessJira.getJirasReturnedBy(AccessJira.java:66)
	at org.wso2.OpenPatchInformation.Main.executeProcess(Main.java:78)
	at org.wso2.OpenPatchInformation.Main.main(Main.java:42)
2018-05-16 21:30:04 ERROR Main:44 - Mail on internal Jira issues not sent successfully
org.wso2.OpenPatchInformation.Exceptions.JiraExceptions.ExtractingFromResponseStreamException: Failed to extract jira issue's field data
	at org.wso2.OpenPatchInformation.JiraData.AccessJira.getJirasIssuesIn(AccessJira.java:102)
	at org.wso2.OpenPatchInformation.JiraData.AccessJira.getJirasReturnedBy(AccessJira.java:66)
	at org.wso2.OpenPatchInformation.Main.executeProcess(Main.java:78)
	at org.wso2.OpenPatchInformation.Main.main(Main.java:42)
Caused by: java.lang.NullPointerException
	at org.wso2.OpenPatchInformation.JiraData.AccessJira.getJirasIssuesIn(AccessJira.java:98)
	... 3 more
2018-05-16 21:30:04 INFO  Main:70 - Executing process for: Customer related Jira issues.
2018-05-16 21:30:07 ERROR AccessJira:101 - Failed to extract jira issue's field data
java.lang.NullPointerException
	at org.wso2.OpenPatchInformation.JiraData.AccessJira.getJirasIssuesIn(AccessJira.java:98)
	at org.wso2.OpenPatchInformation.JiraData.AccessJira.getJirasReturnedBy(AccessJira.java:66)
	at org.wso2.OpenPatchInformation.Main.executeProcess(Main.java:78)
	at org.wso2.OpenPatchInformation.Main.main(Main.java:47)
2018-05-16 21:30:07 ERROR Main:49 - Mail on customer related Jira issues not sent successfully
org.wso2.OpenPatchInformation.Exceptions.JiraExceptions.ExtractingFromResponseStreamException: Failed to extract jira issue's field data
	at org.wso2.OpenPatchInformation.JiraData.AccessJira.getJirasIssuesIn(AccessJira.java:102)
	at org.wso2.OpenPatchInformation.JiraData.AccessJira.getJirasReturnedBy(AccessJira.java:66)
	at org.wso2.OpenPatchInformation.Main.executeProcess(Main.java:78)
	at org.wso2.OpenPatchInformation.Main.main(Main.java:47)
Caused by: java.lang.NullPointerException
	at org.wso2.OpenPatchInformation.JiraData.AccessJira.getJirasIssuesIn(AccessJira.java:98)
	... 3 more
2018-05-16 21:30:54 INFO  Main:75 - Executing process for: Internal Jira issues.
2018-05-16 21:31:01 ERROR AccessJira:101 - Failed to extract jira issue's field data
java.lang.NullPointerException
	at org.wso2.OpenPatchInformation.JiraData.AccessJira.getJirasIssuesIn(AccessJira.java:98)
	at org.wso2.OpenPatchInformation.JiraData.AccessJira.getJirasReturnedBy(AccessJira.java:66)
	at org.wso2.OpenPatchInformation.Main.executeProcess(Main.java:78)
	at org.wso2.OpenPatchInformation.Main.main(Main.java:42)
2018-05-16 21:31:01 ERROR Main:44 - Mail on internal Jira issues not sent successfully
2018-05-16 21:31:01 INFO  Main:70 - Executing process for: Customer related Jira issues.
2018-05-16 21:31:04 ERROR AccessJira:101 - Failed to extract jira issue's field data
java.lang.NullPointerException
	at org.wso2.OpenPatchInformation.JiraData.AccessJira.getJirasIssuesIn(AccessJira.java:98)
	at org.wso2.OpenPatchInformation.JiraData.AccessJira.getJirasReturnedBy(AccessJira.java:66)
	at org.wso2.OpenPatchInformation.Main.executeProcess(Main.java:78)
	at org.wso2.OpenPatchInformation.Main.main(Main.java:47)
2018-05-16 21:31:04 ERROR Main:49 - Mail on customer related Jira issues not sent successfully
2018-05-16 21:31:51 INFO  Main:75 - Executing process for: Internal Jira issues.
2018-05-16 21:32:05 ERROR AccessJira:101 - Failed to extract jira issue's field data
java.lang.NullPointerException
	at org.wso2.OpenPatchInformation.JiraData.AccessJira.getJirasIssuesIn(AccessJira.java:98)
	at org.wso2.OpenPatchInformation.JiraData.AccessJira.getJirasReturnedBy(AccessJira.java:66)
	at org.wso2.OpenPatchInformation.Main.executeProcess(Main.java:78)
	at org.wso2.OpenPatchInformation.Main.main(Main.java:42)
2018-05-16 21:32:05 ERROR Main:44 - Mail on internal Jira issues not sent successfully

2018-05-16 21:32:05 INFO  Main:70 - Executing process for: Customer related Jira issues.
2018-05-16 21:32:10 ERROR AccessJira:101 - Failed to extract jira issue's field data
java.lang.NullPointerException
	at org.wso2.OpenPatchInformation.JiraData.AccessJira.getJirasIssuesIn(AccessJira.java:98)
	at org.wso2.OpenPatchInformation.JiraData.AccessJira.getJirasReturnedBy(AccessJira.java:66)
	at org.wso2.OpenPatchInformation.Main.executeProcess(Main.java:78)
	at org.wso2.OpenPatchInformation.Main.main(Main.java:47)
2018-05-16 21:32:10 ERROR Main:49 - Mail on customer related Jira issues not sent successfully

2018-05-16 21:33:19 INFO  Main:75 - Executing process for Internal Jira issues.
2018-05-16 21:33:32 INFO  AccessJira:117 - Jira issues successfully extracted from Jira.
2018-05-16 21:33:35 ERROR AccessPMT:73 - Failed to connect to the Pmtdb
com.mysql.jdbc.exceptions.jdbc4.CommunicationsException: Communications link failure

The last packet sent successfully to the server was 0 milliseconds ago. The driver has not received any packets from the server.
	at sun.reflect.NativeConstructorAccessorImpl.newInstance0(Native Method)
	at sun.reflect.NativeConstructorAccessorImpl.newInstance(NativeConstructorAccessorImpl.java:62)
	at sun.reflect.DelegatingConstructorAccessorImpl.newInstance(DelegatingConstructorAccessorImpl.java:45)
	at java.lang.reflect.Constructor.newInstance(Constructor.java:423)
	at com.mysql.jdbc.Util.handleNewInstance(Util.java:425)
	at com.mysql.jdbc.SQLError.createCommunicationsException(SQLError.java:990)
	at com.mysql.jdbc.MysqlIO.<init>(MysqlIO.java:341)
	at com.mysql.jdbc.ConnectionImpl.coreConnect(ConnectionImpl.java:2186)
	at com.mysql.jdbc.ConnectionImpl.connectOneTryOnly(ConnectionImpl.java:2219)
	at com.mysql.jdbc.ConnectionImpl.createNewIO(ConnectionImpl.java:2014)
	at com.mysql.jdbc.ConnectionImpl.<init>(ConnectionImpl.java:776)
	at com.mysql.jdbc.JDBC4Connection.<init>(JDBC4Connection.java:47)
	at sun.reflect.NativeConstructorAccessorImpl.newInstance0(Native Method)
	at sun.reflect.NativeConstructorAccessorImpl.newInstance(NativeConstructorAccessorImpl.java:62)
	at sun.reflect.DelegatingConstructorAccessorImpl.newInstance(DelegatingConstructorAccessorImpl.java:45)
	at java.lang.reflect.Constructor.newInstance(Constructor.java:423)
	at com.mysql.jdbc.Util.handleNewInstance(Util.java:425)
	at com.mysql.jdbc.ConnectionImpl.getInstance(ConnectionImpl.java:386)
	at com.mysql.jdbc.NonRegisteringDriver.connect(NonRegisteringDriver.java:330)
	at java.sql.DriverManager.getConnection(DriverManager.java:664)
	at java.sql.DriverManager.getConnection(DriverManager.java:247)
	at org.wso2.OpenPatchInformation.PmtData.AccessPMT.getJiraIssuesInBothPMTAndJira(AccessPMT.java:46)
	at org.wso2.OpenPatchInformation.Main.executeProcess(Main.java:80)
	at org.wso2.OpenPatchInformation.Main.main(Main.java:42)
Caused by: java.net.NoRouteToHostException: No route to host (Host unreachable)
	at java.net.PlainSocketImpl.socketConnect(Native Method)
	at java.net.AbstractPlainSocketImpl.doConnect(AbstractPlainSocketImpl.java:350)
	at java.net.AbstractPlainSocketImpl.connectToAddress(AbstractPlainSocketImpl.java:206)
	at java.net.AbstractPlainSocketImpl.connect(AbstractPlainSocketImpl.java:188)
	at java.net.SocksSocketImpl.connect(SocksSocketImpl.java:392)
	at java.net.Socket.connect(Socket.java:589)
	at com.mysql.jdbc.StandardSocketFactory.connect(StandardSocketFactory.java:211)
	at com.mysql.jdbc.MysqlIO.<init>(MysqlIO.java:300)
	... 17 more
2018-05-16 21:33:35 ERROR Main:44 - Mail on internal Jira issues not sent successfully

2018-05-16 21:33:35 INFO  Main:70 - Executing process for Customer related Jira issues.
2018-05-16 21:33:42 INFO  AccessJira:117 - Jira issues successfully extracted from Jira.
2018-05-16 21:33:45 ERROR AccessPMT:73 - Failed to connect to the Pmtdb
com.mysql.jdbc.exceptions.jdbc4.CommunicationsException: Communications link failure

The last packet sent successfully to the server was 0 milliseconds ago. The driver has not received any packets from the server.
	at sun.reflect.NativeConstructorAccessorImpl.newInstance0(Native Method)
	at sun.reflect.NativeConstructorAccessorImpl.newInstance(NativeConstructorAccessorImpl.java:62)
	at sun.reflect.DelegatingConstructorAccessorImpl.newInstance(DelegatingConstructorAccessorImpl.java:45)
	at java.lang.reflect.Constructor.newInstance(Constructor.java:423)
	at com.mysql.jdbc.Util.handleNewInstance(Util.java:425)
	at com.mysql.jdbc.SQLError.createCommunicationsException(SQLError.java:990)
	at com.mysql.jdbc.MysqlIO.<init>(MysqlIO.java:341)
	at com.mysql.jdbc.ConnectionImpl.coreConnect(ConnectionImpl.java:2186)
	at com.mysql.jdbc.ConnectionImpl.connectOneTryOnly(ConnectionImpl.java:2219)
	at com.mysql.jdbc.ConnectionImpl.createNewIO(ConnectionImpl.java:2014)
	at com.mysql.jdbc.ConnectionImpl.<init>(ConnectionImpl.java:776)
	at com.mysql.jdbc.JDBC4Connection.<init>(JDBC4Connection.java:47)
	at sun.reflect.NativeConstructorAccessorImpl.newInstance0(Native Method)
	at sun.reflect.NativeConstructorAccessorImpl.newInstance(NativeConstructorAccessorImpl.java:62)
	at sun.reflect.DelegatingConstructorAccessorImpl.newInstance(DelegatingConstructorAccessorImpl.java:45)
	at java.lang.reflect.Constructor.newInstance(Constructor.java:423)
	at com.mysql.jdbc.Util.handleNewInstance(Util.java:425)
	at com.mysql.jdbc.ConnectionImpl.getInstance(ConnectionImpl.java:386)
	at com.mysql.jdbc.NonRegisteringDriver.connect(NonRegisteringDriver.java:330)
	at java.sql.DriverManager.getConnection(DriverManager.java:664)
	at java.sql.DriverManager.getConnection(DriverManager.java:247)
	at org.wso2.OpenPatchInformation.PmtData.AccessPMT.getJiraIssuesInBothPMTAndJira(AccessPMT.java:46)
	at org.wso2.OpenPatchInformation.Main.executeProcess(Main.java:80)
	at org.wso2.OpenPatchInformation.Main.main(Main.java:47)
Caused by: java.net.NoRouteToHostException: No route to host (Host unreachable)
	at java.net.PlainSocketImpl.socketConnect(Native Method)
	at java.net.AbstractPlainSocketImpl.doConnect(AbstractPlainSocketImpl.java:350)
	at java.net.AbstractPlainSocketImpl.connectToAddress(AbstractPlainSocketImpl.java:206)
	at java.net.AbstractPlainSocketImpl.connect(AbstractPlainSocketImpl.java:188)
	at java.net.SocksSocketImpl.connect(SocksSocketImpl.java:392)
	at java.net.Socket.connect(Socket.java:589)
	at com.mysql.jdbc.StandardSocketFactory.connect(StandardSocketFactory.java:211)
	at com.mysql.jdbc.MysqlIO.<init>(MysqlIO.java:300)
	... 17 more
2018-05-16 21:33:45 ERROR Main:49 - Mail on customer related Jira issues not sent successfully

