2018-05-15 14:20:14 INFO  Main:75 - Executing - Sending of mail containing Internal Jira issues and corresponding patch Information.
2018-05-15 14:20:22 INFO  AccessPMT:105 - Patch information associated with the Jira issues extracted successfully.
2018-05-15 14:20:30 INFO  Main:70 - Executing - Sending of mail containing Customer Jira issues and corresponding patch Information.
2018-05-15 14:20:36 INFO  AccessPMT:105 - Patch information associated with the Jira issues extracted successfully.
2018-05-15 14:27:18 INFO  Main:75 - Executing - Sending of mail containing Internal Jira issues and corresponding patch Information.
2018-05-15 14:27:24 INFO  AccessPMT:105 - Patch information associated with the Jira issues extracted successfully.
2018-05-15 14:27:32 INFO  Main:70 - Executing - Sending of mail containing Customer Jira issues and corresponding patch Information.
2018-05-15 14:27:36 INFO  AccessPMT:105 - Patch information associated with the Jira issues extracted successfully.
2018-05-16 09:32:55 INFO  Main:76 - Executing - Sending of mail containing Internal Jira issues and corresponding patch Information.
2018-05-16 09:33:06 INFO  AccessPMT:96 - Patch information associated with the Jira issues extracted successfully.
2018-05-16 09:33:21 INFO  Main:71 - Executing - Sending of mail containing Customer Jira issues and corresponding patch Information.
2018-05-16 09:33:28 INFO  AccessPMT:96 - Patch information associated with the Jira issues extracted successfully.
2018-05-16 09:40:46 INFO  Main:76 - Executing - Sending of mail containing Internal Jira issues and corresponding patch Information.
2018-05-16 09:40:55 INFO  AccessPMT:96 - Patch information associated with the Jira issues extracted successfully.
2018-05-16 09:41:05 INFO  Main:71 - Executing - Sending of mail containing Customer Jira issues and corresponding patch Information.
2018-05-16 09:41:13 INFO  AccessPMT:96 - Patch information associated with the Jira issues extracted successfully.
2018-05-20 17:38:31 INFO  Main:75 - Executing process for Internal Jira issues.
2018-05-20 17:38:47 INFO  AccessJira:122 - Jira issues successfully extracted from Jira.
2018-05-20 17:38:50 ERROR AccessPMT:77 - Failed to connect to the Pmtdb
com.mysql.jdbc.exceptions.jdbc4.CommunicationsException: Communications link failure

The last packet sent successfully to the server was 0 milliseconds ago. The driver has not received any packets from the server.
	at sun.reflect.NativeConstructorAccessorImpl.newInstance0(Native Method)
	at sun.reflect.NativeConstructorAccessorImpl.newInstance(NativeConstructorAccessorImpl.java:62)
	at sun.reflect.DelegatingConstructorAccessorImpl.newInstance(DelegatingConstructorAccessorImpl.java:45)
	at java.lang.reflect.Constructor.newInstance(Constructor.java:423)
	at com.mysql.jdbc.Util.handleNewInstance(Util.java:425)
	at com.mysql.jdbc.SQLError.createCommunicationsException(SQLError.java:990)
	at com.mysql.jdbc.MysqlIO.<init>(MysqlIO.java:341)
	at com.mysql.jdbc.ConnectionImpl.coreConnect(ConnectionImpl.java:2186)
	at com.mysql.jdbc.ConnectionImpl.connectOneTryOnly(ConnectionImpl.java:2219)
	at com.mysql.jdbc.ConnectionImpl.createNewIO(ConnectionImpl.java:2014)
	at com.mysql.jdbc.ConnectionImpl.<init>(ConnectionImpl.java:776)
	at com.mysql.jdbc.JDBC4Connection.<init>(JDBC4Connection.java:47)
	at sun.reflect.NativeConstructorAccessorImpl.newInstance0(Native Method)
	at sun.reflect.NativeConstructorAccessorImpl.newInstance(NativeConstructorAccessorImpl.java:62)
	at sun.reflect.DelegatingConstructorAccessorImpl.newInstance(DelegatingConstructorAccessorImpl.java:45)
	at java.lang.reflect.Constructor.newInstance(Constructor.java:423)
	at com.mysql.jdbc.Util.handleNewInstance(Util.java:425)
	at com.mysql.jdbc.ConnectionImpl.getInstance(ConnectionImpl.java:386)
	at com.mysql.jdbc.NonRegisteringDriver.connect(NonRegisteringDriver.java:330)
	at java.sql.DriverManager.getConnection(DriverManager.java:664)
	at java.sql.DriverManager.getConnection(DriverManager.java:247)
	at org.wso2.PatchInformation.PmtData.AccessPMT.getJiraIssuesInBothPMTAndJira(AccessPMT.java:50)
	at org.wso2.PatchInformation.Main.executeProcess(Main.java:80)
	at org.wso2.PatchInformation.Main.main(Main.java:42)
Caused by: java.net.NoRouteToHostException: No route to host (Host unreachable)
	at java.net.PlainSocketImpl.socketConnect(Native Method)
	at java.net.AbstractPlainSocketImpl.doConnect(AbstractPlainSocketImpl.java:350)
	at java.net.AbstractPlainSocketImpl.connectToAddress(AbstractPlainSocketImpl.java:206)
	at java.net.AbstractPlainSocketImpl.connect(AbstractPlainSocketImpl.java:188)
	at java.net.SocksSocketImpl.connect(SocksSocketImpl.java:392)
	at java.net.Socket.connect(Socket.java:589)
	at com.mysql.jdbc.StandardSocketFactory.connect(StandardSocketFactory.java:211)
	at com.mysql.jdbc.MysqlIO.<init>(MysqlIO.java:300)
	... 17 more
2018-05-20 17:38:50 ERROR Main:44 - Mail on internal Jira issues not sent successfully

2018-05-20 17:38:50 INFO  Main:70 - Executing process for Customer related Jira issues.
2018-05-20 17:39:25 INFO  AccessJira:122 - Jira issues successfully extracted from Jira.
2018-05-20 17:39:28 ERROR AccessPMT:77 - Failed to connect to the Pmtdb
com.mysql.jdbc.exceptions.jdbc4.CommunicationsException: Communications link failure

The last packet sent successfully to the server was 0 milliseconds ago. The driver has not received any packets from the server.
	at sun.reflect.NativeConstructorAccessorImpl.newInstance0(Native Method)
	at sun.reflect.NativeConstructorAccessorImpl.newInstance(NativeConstructorAccessorImpl.java:62)
	at sun.reflect.DelegatingConstructorAccessorImpl.newInstance(DelegatingConstructorAccessorImpl.java:45)
	at java.lang.reflect.Constructor.newInstance(Constructor.java:423)
	at com.mysql.jdbc.Util.handleNewInstance(Util.java:425)
	at com.mysql.jdbc.SQLError.createCommunicationsException(SQLError.java:990)
	at com.mysql.jdbc.MysqlIO.<init>(MysqlIO.java:341)
	at com.mysql.jdbc.ConnectionImpl.coreConnect(ConnectionImpl.java:2186)
	at com.mysql.jdbc.ConnectionImpl.connectOneTryOnly(ConnectionImpl.java:2219)
	at com.mysql.jdbc.ConnectionImpl.createNewIO(ConnectionImpl.java:2014)
	at com.mysql.jdbc.ConnectionImpl.<init>(ConnectionImpl.java:776)
	at com.mysql.jdbc.JDBC4Connection.<init>(JDBC4Connection.java:47)
	at sun.reflect.NativeConstructorAccessorImpl.newInstance0(Native Method)
	at sun.reflect.NativeConstructorAccessorImpl.newInstance(NativeConstructorAccessorImpl.java:62)
	at sun.reflect.DelegatingConstructorAccessorImpl.newInstance(DelegatingConstructorAccessorImpl.java:45)
	at java.lang.reflect.Constructor.newInstance(Constructor.java:423)
	at com.mysql.jdbc.Util.handleNewInstance(Util.java:425)
	at com.mysql.jdbc.ConnectionImpl.getInstance(ConnectionImpl.java:386)
	at com.mysql.jdbc.NonRegisteringDriver.connect(NonRegisteringDriver.java:330)
	at java.sql.DriverManager.getConnection(DriverManager.java:664)
	at java.sql.DriverManager.getConnection(DriverManager.java:247)
	at org.wso2.PatchInformation.PmtData.AccessPMT.getJiraIssuesInBothPMTAndJira(AccessPMT.java:50)
	at org.wso2.PatchInformation.Main.executeProcess(Main.java:80)
	at org.wso2.PatchInformation.Main.main(Main.java:47)
Caused by: java.net.NoRouteToHostException: No route to host (Host unreachable)
	at java.net.PlainSocketImpl.socketConnect(Native Method)
	at java.net.AbstractPlainSocketImpl.doConnect(AbstractPlainSocketImpl.java:350)
	at java.net.AbstractPlainSocketImpl.connectToAddress(AbstractPlainSocketImpl.java:206)
	at java.net.AbstractPlainSocketImpl.connect(AbstractPlainSocketImpl.java:188)
	at java.net.SocksSocketImpl.connect(SocksSocketImpl.java:392)
	at java.net.Socket.connect(Socket.java:589)
	at com.mysql.jdbc.StandardSocketFactory.connect(StandardSocketFactory.java:211)
	at com.mysql.jdbc.MysqlIO.<init>(MysqlIO.java:300)
	... 17 more
2018-05-20 17:39:28 ERROR Main:49 - Mail on customer related Jira issues not sent successfully

2018-05-20 18:07:08 ERROR Main:44 - Mail on internal Jira issues not sent successfully

2018-05-20 18:07:08 ERROR Main:49 - Mail on customer related Jira issues not sent successfully

2018-05-20 18:13:56 INFO  Main:87 - Executing process for Internal Jira issues.
2018-05-20 18:14:13 INFO  Main:87 - Executing process for Internal Jira issues.
2018-05-20 18:14:39 INFO  AccessJira:122 - Jira issues successfully extracted from Jira.
2018-05-20 18:14:42 ERROR AccessPMT:77 - Failed to connect to the Pmtdb
com.mysql.jdbc.exceptions.jdbc4.CommunicationsException: Communications link failure

The last packet sent successfully to the server was 0 milliseconds ago. The driver has not received any packets from the server.
	at sun.reflect.NativeConstructorAccessorImpl.newInstance0(Native Method)
	at sun.reflect.NativeConstructorAccessorImpl.newInstance(NativeConstructorAccessorImpl.java:62)
	at sun.reflect.DelegatingConstructorAccessorImpl.newInstance(DelegatingConstructorAccessorImpl.java:45)
	at java.lang.reflect.Constructor.newInstance(Constructor.java:423)
	at com.mysql.jdbc.Util.handleNewInstance(Util.java:425)
	at com.mysql.jdbc.SQLError.createCommunicationsException(SQLError.java:990)
	at com.mysql.jdbc.MysqlIO.<init>(MysqlIO.java:341)
	at com.mysql.jdbc.ConnectionImpl.coreConnect(ConnectionImpl.java:2186)
	at com.mysql.jdbc.ConnectionImpl.connectOneTryOnly(ConnectionImpl.java:2219)
	at com.mysql.jdbc.ConnectionImpl.createNewIO(ConnectionImpl.java:2014)
	at com.mysql.jdbc.ConnectionImpl.<init>(ConnectionImpl.java:776)
	at com.mysql.jdbc.JDBC4Connection.<init>(JDBC4Connection.java:47)
	at sun.reflect.NativeConstructorAccessorImpl.newInstance0(Native Method)
	at sun.reflect.NativeConstructorAccessorImpl.newInstance(NativeConstructorAccessorImpl.java:62)
	at sun.reflect.DelegatingConstructorAccessorImpl.newInstance(DelegatingConstructorAccessorImpl.java:45)
	at java.lang.reflect.Constructor.newInstance(Constructor.java:423)
	at com.mysql.jdbc.Util.handleNewInstance(Util.java:425)
	at com.mysql.jdbc.ConnectionImpl.getInstance(ConnectionImpl.java:386)
	at com.mysql.jdbc.NonRegisteringDriver.connect(NonRegisteringDriver.java:330)
	at java.sql.DriverManager.getConnection(DriverManager.java:664)
	at java.sql.DriverManager.getConnection(DriverManager.java:247)
	at org.wso2.PatchInformation.PmtData.AccessPMT.getJiraIssuesInBothPMTAndJira(AccessPMT.java:50)
	at org.wso2.PatchInformation.Main.executeProcess(Main.java:92)
	at org.wso2.PatchInformation.Main.main(Main.java:53)
Caused by: java.net.NoRouteToHostException: No route to host (Host unreachable)
	at java.net.PlainSocketImpl.socketConnect(Native Method)
	at java.net.AbstractPlainSocketImpl.doConnect(AbstractPlainSocketImpl.java:350)
	at java.net.AbstractPlainSocketImpl.connectToAddress(AbstractPlainSocketImpl.java:206)
	at java.net.AbstractPlainSocketImpl.connect(AbstractPlainSocketImpl.java:188)
	at java.net.SocksSocketImpl.connect(SocksSocketImpl.java:392)
	at java.net.Socket.connect(Socket.java:589)
	at com.mysql.jdbc.StandardSocketFactory.connect(StandardSocketFactory.java:211)
	at com.mysql.jdbc.MysqlIO.<init>(MysqlIO.java:300)
	... 17 more
2018-05-20 18:14:42 ERROR Main:55 - Mail on internal Jira issues not sent successfully

2018-05-20 18:14:42 INFO  Main:82 - Executing process for Customer related Jira issues.
2018-05-20 18:15:09 INFO  AccessJira:122 - Jira issues successfully extracted from Jira.
2018-05-20 18:15:12 ERROR AccessPMT:77 - Failed to connect to the Pmtdb
com.mysql.jdbc.exceptions.jdbc4.CommunicationsException: Communications link failure

The last packet sent successfully to the server was 0 milliseconds ago. The driver has not received any packets from the server.
	at sun.reflect.NativeConstructorAccessorImpl.newInstance0(Native Method)
	at sun.reflect.NativeConstructorAccessorImpl.newInstance(NativeConstructorAccessorImpl.java:62)
	at sun.reflect.DelegatingConstructorAccessorImpl.newInstance(DelegatingConstructorAccessorImpl.java:45)
	at java.lang.reflect.Constructor.newInstance(Constructor.java:423)
	at com.mysql.jdbc.Util.handleNewInstance(Util.java:425)
	at com.mysql.jdbc.SQLError.createCommunicationsException(SQLError.java:990)
	at com.mysql.jdbc.MysqlIO.<init>(MysqlIO.java:341)
	at com.mysql.jdbc.ConnectionImpl.coreConnect(ConnectionImpl.java:2186)
	at com.mysql.jdbc.ConnectionImpl.connectOneTryOnly(ConnectionImpl.java:2219)
	at com.mysql.jdbc.ConnectionImpl.createNewIO(ConnectionImpl.java:2014)
	at com.mysql.jdbc.ConnectionImpl.<init>(ConnectionImpl.java:776)
	at com.mysql.jdbc.JDBC4Connection.<init>(JDBC4Connection.java:47)
	at sun.reflect.NativeConstructorAccessorImpl.newInstance0(Native Method)
	at sun.reflect.NativeConstructorAccessorImpl.newInstance(NativeConstructorAccessorImpl.java:62)
	at sun.reflect.DelegatingConstructorAccessorImpl.newInstance(DelegatingConstructorAccessorImpl.java:45)
	at java.lang.reflect.Constructor.newInstance(Constructor.java:423)
	at com.mysql.jdbc.Util.handleNewInstance(Util.java:425)
	at com.mysql.jdbc.ConnectionImpl.getInstance(ConnectionImpl.java:386)
	at com.mysql.jdbc.NonRegisteringDriver.connect(NonRegisteringDriver.java:330)
	at java.sql.DriverManager.getConnection(DriverManager.java:664)
	at java.sql.DriverManager.getConnection(DriverManager.java:247)
	at org.wso2.PatchInformation.PmtData.AccessPMT.getJiraIssuesInBothPMTAndJira(AccessPMT.java:50)
	at org.wso2.PatchInformation.Main.executeProcess(Main.java:92)
	at org.wso2.PatchInformation.Main.main(Main.java:58)
Caused by: java.net.NoRouteToHostException: No route to host (Host unreachable)
	at java.net.PlainSocketImpl.socketConnect(Native Method)
	at java.net.AbstractPlainSocketImpl.doConnect(AbstractPlainSocketImpl.java:350)
	at java.net.AbstractPlainSocketImpl.connectToAddress(AbstractPlainSocketImpl.java:206)
	at java.net.AbstractPlainSocketImpl.connect(AbstractPlainSocketImpl.java:188)
	at java.net.SocksSocketImpl.connect(SocksSocketImpl.java:392)
	at java.net.Socket.connect(Socket.java:589)
	at com.mysql.jdbc.StandardSocketFactory.connect(StandardSocketFactory.java:211)
	at com.mysql.jdbc.MysqlIO.<init>(MysqlIO.java:300)
	... 17 more
2018-05-20 18:15:12 ERROR Main:60 - Mail on customer related Jira issues not sent successfully

2018-05-20 18:29:52 INFO  Main:77 - Executing process for Internal Jira issues.
2018-05-20 18:30:21 INFO  AccessJira:122 - Jira issues successfully extracted from Jira.
2018-05-20 18:30:24 ERROR AccessPMT:77 - Failed to connect to the Pmtdb
com.mysql.jdbc.exceptions.jdbc4.CommunicationsException: Communications link failure

The last packet sent successfully to the server was 0 milliseconds ago. The driver has not received any packets from the server.
	at sun.reflect.NativeConstructorAccessorImpl.newInstance0(Native Method)
	at sun.reflect.NativeConstructorAccessorImpl.newInstance(NativeConstructorAccessorImpl.java:62)
	at sun.reflect.DelegatingConstructorAccessorImpl.newInstance(DelegatingConstructorAccessorImpl.java:45)
	at java.lang.reflect.Constructor.newInstance(Constructor.java:423)
	at com.mysql.jdbc.Util.handleNewInstance(Util.java:425)
	at com.mysql.jdbc.SQLError.createCommunicationsException(SQLError.java:990)
	at com.mysql.jdbc.MysqlIO.<init>(MysqlIO.java:341)
	at com.mysql.jdbc.ConnectionImpl.coreConnect(ConnectionImpl.java:2186)
	at com.mysql.jdbc.ConnectionImpl.connectOneTryOnly(ConnectionImpl.java:2219)
	at com.mysql.jdbc.ConnectionImpl.createNewIO(ConnectionImpl.java:2014)
	at com.mysql.jdbc.ConnectionImpl.<init>(ConnectionImpl.java:776)
	at com.mysql.jdbc.JDBC4Connection.<init>(JDBC4Connection.java:47)
	at sun.reflect.NativeConstructorAccessorImpl.newInstance0(Native Method)
	at sun.reflect.NativeConstructorAccessorImpl.newInstance(NativeConstructorAccessorImpl.java:62)
	at sun.reflect.DelegatingConstructorAccessorImpl.newInstance(DelegatingConstructorAccessorImpl.java:45)
	at java.lang.reflect.Constructor.newInstance(Constructor.java:423)
	at com.mysql.jdbc.Util.handleNewInstance(Util.java:425)
	at com.mysql.jdbc.ConnectionImpl.getInstance(ConnectionImpl.java:386)
	at com.mysql.jdbc.NonRegisteringDriver.connect(NonRegisteringDriver.java:330)
	at java.sql.DriverManager.getConnection(DriverManager.java:664)
	at java.sql.DriverManager.getConnection(DriverManager.java:247)
	at org.wso2.PatchInformation.PmtData.AccessPMT.getJiraIssuesInBothPMTAndJira(AccessPMT.java:50)
	at org.wso2.PatchInformation.Main.executeProcess(Main.java:82)
	at org.wso2.PatchInformation.Main.main(Main.java:43)
Caused by: java.net.NoRouteToHostException: No route to host (Host unreachable)
	at java.net.PlainSocketImpl.socketConnect(Native Method)
	at java.net.AbstractPlainSocketImpl.doConnect(AbstractPlainSocketImpl.java:350)
	at java.net.AbstractPlainSocketImpl.connectToAddress(AbstractPlainSocketImpl.java:206)
	at java.net.AbstractPlainSocketImpl.connect(AbstractPlainSocketImpl.java:188)
	at java.net.SocksSocketImpl.connect(SocksSocketImpl.java:392)
	at java.net.Socket.connect(Socket.java:589)
	at com.mysql.jdbc.StandardSocketFactory.connect(StandardSocketFactory.java:211)
	at com.mysql.jdbc.MysqlIO.<init>(MysqlIO.java:300)
	... 17 more
2018-05-20 18:30:24 ERROR Main:45 - Mail on internal Jira issues not sent successfully

2018-05-20 18:30:24 INFO  Main:72 - Executing process for Customer related Jira issues.
2018-05-20 18:30:54 INFO  AccessJira:122 - Jira issues successfully extracted from Jira.
2018-05-20 18:30:57 ERROR AccessPMT:77 - Failed to connect to the Pmtdb
com.mysql.jdbc.exceptions.jdbc4.CommunicationsException: Communications link failure

The last packet sent successfully to the server was 0 milliseconds ago. The driver has not received any packets from the server.
	at sun.reflect.NativeConstructorAccessorImpl.newInstance0(Native Method)
	at sun.reflect.NativeConstructorAccessorImpl.newInstance(NativeConstructorAccessorImpl.java:62)
	at sun.reflect.DelegatingConstructorAccessorImpl.newInstance(DelegatingConstructorAccessorImpl.java:45)
	at java.lang.reflect.Constructor.newInstance(Constructor.java:423)
	at com.mysql.jdbc.Util.handleNewInstance(Util.java:425)
	at com.mysql.jdbc.SQLError.createCommunicationsException(SQLError.java:990)
	at com.mysql.jdbc.MysqlIO.<init>(MysqlIO.java:341)
	at com.mysql.jdbc.ConnectionImpl.coreConnect(ConnectionImpl.java:2186)
	at com.mysql.jdbc.ConnectionImpl.connectOneTryOnly(ConnectionImpl.java:2219)
	at com.mysql.jdbc.ConnectionImpl.createNewIO(ConnectionImpl.java:2014)
	at com.mysql.jdbc.ConnectionImpl.<init>(ConnectionImpl.java:776)
	at com.mysql.jdbc.JDBC4Connection.<init>(JDBC4Connection.java:47)
	at sun.reflect.NativeConstructorAccessorImpl.newInstance0(Native Method)
	at sun.reflect.NativeConstructorAccessorImpl.newInstance(NativeConstructorAccessorImpl.java:62)
	at sun.reflect.DelegatingConstructorAccessorImpl.newInstance(DelegatingConstructorAccessorImpl.java:45)
	at java.lang.reflect.Constructor.newInstance(Constructor.java:423)
	at com.mysql.jdbc.Util.handleNewInstance(Util.java:425)
	at com.mysql.jdbc.ConnectionImpl.getInstance(ConnectionImpl.java:386)
	at com.mysql.jdbc.NonRegisteringDriver.connect(NonRegisteringDriver.java:330)
	at java.sql.DriverManager.getConnection(DriverManager.java:664)
	at java.sql.DriverManager.getConnection(DriverManager.java:247)
	at org.wso2.PatchInformation.PmtData.AccessPMT.getJiraIssuesInBothPMTAndJira(AccessPMT.java:50)
	at org.wso2.PatchInformation.Main.executeProcess(Main.java:82)
	at org.wso2.PatchInformation.Main.main(Main.java:48)
Caused by: java.net.NoRouteToHostException: No route to host (Host unreachable)
	at java.net.PlainSocketImpl.socketConnect(Native Method)
	at java.net.AbstractPlainSocketImpl.doConnect(AbstractPlainSocketImpl.java:350)
	at java.net.AbstractPlainSocketImpl.connectToAddress(AbstractPlainSocketImpl.java:206)
	at java.net.AbstractPlainSocketImpl.connect(AbstractPlainSocketImpl.java:188)
	at java.net.SocksSocketImpl.connect(SocksSocketImpl.java:392)
	at java.net.Socket.connect(Socket.java:589)
	at com.mysql.jdbc.StandardSocketFactory.connect(StandardSocketFactory.java:211)
	at com.mysql.jdbc.MysqlIO.<init>(MysqlIO.java:300)
	... 17 more
2018-05-20 18:30:57 ERROR Main:50 - Mail on customer related Jira issues not sent successfully

2018-05-20 22:07:11 INFO  Main:71 - Executing process for Internal Jira issues.
2018-05-20 22:07:47 INFO  AccessJira:122 - Jira issues successfully extracted from Jira.
2018-05-20 22:07:47 INFO  Main:66 - Executing process for Customer related Jira issues.
2018-05-20 22:08:15 INFO  AccessJira:122 - Jira issues successfully extracted from Jira.
2018-05-20 22:12:23 INFO  Main:71 - Executing process for Internal Jira issues.
2018-05-20 22:13:01 INFO  AccessJira:123 - Jira issues successfully extracted from Jira.
2018-05-20 22:13:01 INFO  Main:66 - Executing process for Customer related Jira issues.
2018-05-20 22:13:24 INFO  AccessJira:123 - Jira issues successfully extracted from Jira.
2018-05-21 08:28:41 INFO  Main:75 - Executing process for Internal Jira issues.
2018-05-21 08:28:47 INFO  AccessJira:123 - Jira issues successfully extracted from Jira.
2018-05-21 08:28:49 INFO  AccessPMT:99 - Patch information associated with the Jira issues extracted successfully.
2018-05-21 08:29:06 INFO  Main:70 - Executing process for Customer related Jira issues.
2018-05-21 08:29:13 INFO  AccessJira:123 - Jira issues successfully extracted from Jira.
2018-05-21 08:29:13 INFO  AccessPMT:99 - Patch information associated with the Jira issues extracted successfully.
2018-05-21 08:30:45 INFO  Main:75 - Executing process for Internal Jira issues.
2018-05-21 08:30:52 INFO  AccessJira:123 - Jira issues successfully extracted from Jira.
2018-05-21 08:30:53 INFO  AccessPMT:99 - Patch information associated with the Jira issues extracted successfully.
2018-05-21 08:30:54 INFO  Main:70 - Executing process for Customer related Jira issues.
2018-05-21 08:30:59 INFO  AccessJira:123 - Jira issues successfully extracted from Jira.
2018-05-21 08:31:00 INFO  AccessPMT:99 - Patch information associated with the Jira issues extracted successfully.
